
*** Running vivado
    with args -log register_array.vds -m64 -product Vivado -mode batch -messageDb vivado.pb -notrace -source register_array.tcl


****** Vivado v2024.1 (64-bit)
  **** SW Build 5076996 on Wed May 22 18:36:09 MDT 2024
  **** IP Build 5075265 on Wed May 22 21:45:21 MDT 2024
  **** SharedData Build 5076995 on Wed May 22 18:29:18 MDT 2024
  **** Start of session at: Wed Sep 25 11:03:05 2024
    ** Copyright 1986-2022 Xilinx, Inc. All Rights Reserved.
    ** Copyright 2022-2024 Advanced Micro Devices, Inc. All Rights Reserved.

source register_array.tcl -notrace
Command: read_checkpoint -auto_incremental -incremental /home/charlie/Workspace/pq_research/hwpq_qw2246/register_array/vivado_register_array_tcl/vivado_register_array_tcl.srcs/utils_1/imports/synth_1/register_array.dcp
INFO: [Vivado 12-5825] Read reference checkpoint from /home/charlie/Workspace/pq_research/hwpq_qw2246/register_array/vivado_register_array_tcl/vivado_register_array_tcl.srcs/utils_1/imports/synth_1/register_array.dcp for incremental synthesis
INFO: [Vivado 12-7989] Please ensure there are no constraint changes
Command: synth_design -top register_array -part xcu250-figd2104-2L-e
Starting synth_design
Attempting to get a license for feature 'Synthesis' and/or device 'xcu250'
INFO: [Common 17-349] Got license for feature 'Synthesis' and/or device 'xcu250'
INFO: [Designutils 20-5440] No compile time benefit to using incremental synthesis; A full resynthesis will be run
INFO: [Designutils 20-4379] Flow is switching to default flow due to incremental criteria not met. If you would like to alter this behaviour and have the flow terminate instead, please set the following parameter config_implementation {autoIncr.Synth.RejectBehavior Terminate}
INFO: [Synth 8-7079] Multithreading enabled for synth_design using a maximum of 4 processes.
INFO: [Synth 8-7078] Launching helper process for spawning children vivado processes
INFO: [Synth 8-7075] Helper process launched with PID 1970414
---------------------------------------------------------------------------------
Starting Synthesize : Time (s): cpu = 00:00:02 ; elapsed = 00:00:02 . Memory (MB): peak = 1804.270 ; gain = 420.684 ; free physical = 4323 ; free virtual = 16759
---------------------------------------------------------------------------------
INFO: [Synth 8-6157] synthesizing module 'register_array' [/home/charlie/Workspace/pq_research/hwpq_qw2246/register_array/register_array.sv:6]
INFO: [Synth 8-6155] done synthesizing module 'register_array' (0#1) [/home/charlie/Workspace/pq_research/hwpq_qw2246/register_array/register_array.sv:6]
---------------------------------------------------------------------------------
Finished Synthesize : Time (s): cpu = 00:00:04 ; elapsed = 00:00:04 . Memory (MB): peak = 2013.238 ; gain = 629.652 ; free physical = 4083 ; free virtual = 16521
---------------------------------------------------------------------------------
---------------------------------------------------------------------------------
Finished Constraint Validation : Time (s): cpu = 00:00:04 ; elapsed = 00:00:05 . Memory (MB): peak = 2028.082 ; gain = 644.496 ; free physical = 4112 ; free virtual = 16551
---------------------------------------------------------------------------------
---------------------------------------------------------------------------------
Start Loading Part and Timing Information
---------------------------------------------------------------------------------
Loading part: xcu250-figd2104-2L-e
INFO: [Synth 8-6742] Reading net delay rules and data
---------------------------------------------------------------------------------
INFO: [Device 21-403] Loading part xcu250-figd2104-2L-e
Finished Loading Part and Timing Information : Time (s): cpu = 00:00:04 ; elapsed = 00:00:05 . Memory (MB): peak = 2036.086 ; gain = 652.500 ; free physical = 4112 ; free virtual = 16551
---------------------------------------------------------------------------------
---------------------------------------------------------------------------------
Finished RTL Optimization Phase 2 : Time (s): cpu = 00:00:13 ; elapsed = 00:00:09 . Memory (MB): peak = 3144.469 ; gain = 1760.883 ; free physical = 2849 ; free virtual = 15290
---------------------------------------------------------------------------------
No constraint files found.
---------------------------------------------------------------------------------
Start RTL Component Statistics 
---------------------------------------------------------------------------------
Detailed RTL Component Info : 
+---Registers : 
	               32 Bit    Registers := 1023  
+---Muxes : 
	   2 Input   32 Bit        Muxes := 3576  
	   2 Input    1 Bit        Muxes := 1     
---------------------------------------------------------------------------------
Finished RTL Component Statistics 
---------------------------------------------------------------------------------
---------------------------------------------------------------------------------
Start Part Resource Summary
---------------------------------------------------------------------------------
Part Resources:
DSPs: 12288 (col length:96)
BRAMs: 5376 (col length: RAMB18 384 RAMB36 192)
---------------------------------------------------------------------------------
Finished Part Resource Summary
---------------------------------------------------------------------------------
---------------------------------------------------------------------------------
Start Cross Boundary and Area Optimization
---------------------------------------------------------------------------------
