Copyright 1986-2022 Xilinx, Inc. All Rights Reserved. Copyright 2022-2024 Advanced Micro Devices, Inc. All Rights Reserved.
---------------------------------------------------------------------------------------------------------------------------------------------
| Tool Version : Vivado v.2024.1 (lin64) Build 5076996 Wed May 22 18:36:09 MDT 2024
| Date         : Wed Sep  4 18:32:05 2024
| Host         : archlinux running 64-bit Arch Linux
| Command      : report_drc -file open_list_queue_drc_routed.rpt -pb open_list_queue_drc_routed.pb -rpx open_list_queue_drc_routed.rpx
| Design       : open_list_queue
| Device       : xcu250-figd2104-2L-e
| Speed File   : -2L
| Design State : Fully Routed
---------------------------------------------------------------------------------------------------------------------------------------------

Report DRC

Table of Contents
-----------------
1. REPORT SUMMARY
2. REPORT DETAILS

1. REPORT SUMMARY
-----------------
            Netlist: netlist
          Floorplan: checkpoint_open_list_queue
      Design limits: <entire design considered>
           Ruledeck: default
             Max violations: <unlimited>
             Violations found: 41
+----------+------------------+----------------------------+------------+
| Rule     | Severity         | Description                | Violations |
+----------+------------------+----------------------------+------------+
| NSTD-1   | Critical Warning | Unspecified I/O Standard   | 1          |
| UCIO-1   | Critical Warning | Unconstrained Logical Port | 1          |
| PDRC-153 | Warning          | Gated clock check          | 39         |
+----------+------------------+----------------------------+------------+

2. REPORT DETAILS
-----------------
NSTD-1#1 Critical Warning
Unspecified I/O Standard  
66 out of 66 logical ports use I/O standard (IOSTANDARD) value 'DEFAULT', instead of a user assigned specific value. This may cause I/O contention or incompatibility with the board power or connectivity affecting performance, signal integrity or in extreme cases cause damage to the device or the components to which it is connected. To correct this violation, specify all I/O standards. This design will fail to generate a bitstream unless all logical ports have a user specified I/O standard value defined. To allow bitstream creation with unspecified I/O standard values (not recommended), use this command: set_property SEVERITY {Warning} [get_drc_checks NSTD-1].  NOTE: When using the Vivado Runs infrastructure (e.g. launch_runs Tcl command), add this command to a .tcl file and add that file as a pre-hook for write_bitstream step for the implementation run. Problem ports: empty, full, out_data[31:0], out_f_value[31:0].
Related violations: <none>

UCIO-1#1 Critical Warning
Unconstrained Logical Port  
66 out of 66 logical ports have no user assigned specific location constraint (LOC). This may cause I/O contention or incompatibility with the board power or connectivity affecting performance, signal integrity or in extreme cases cause damage to the device or the components to which it is connected. To correct this violation, specify all pin locations. This design will fail to generate a bitstream unless all logical ports have a user specified site LOC constraint defined.  To allow bitstream creation with unspecified pin locations (not recommended), use this command: set_property SEVERITY {Warning} [get_drc_checks UCIO-1].  NOTE: When using the Vivado Runs infrastructure (e.g. launch_runs Tcl command), add this command to a .tcl file and add that file as a pre-hook for write_bitstream step for the implementation run.  Problem ports: empty, full, out_data[31:0], out_f_value[31:0].
Related violations: <none>

PDRC-153#1 Warning
Gated clock check  
Net ob_reg[21][f_value][31]_i_2_n_12 is a gated clock net sourced by a combinational pin ob_reg[21][f_value][31]_i_2/O, cell ob_reg[21][f_value][31]_i_2. This is not good design practice and will likely impact performance. For SLICE registers, for example, use the CE pin to control the loading of data.
Related violations: <none>

PDRC-153#2 Warning
Gated clock check  
Net ob_reg[26][f_value][31]_i_2_n_12 is a gated clock net sourced by a combinational pin ob_reg[26][f_value][31]_i_2/O, cell ob_reg[26][f_value][31]_i_2. This is not good design practice and will likely impact performance. For SLICE registers, for example, use the CE pin to control the loading of data.
Related violations: <none>

PDRC-153#3 Warning
Gated clock check  
Net ob_reg[27][f_value][31]_i_2_n_12 is a gated clock net sourced by a combinational pin ob_reg[27][f_value][31]_i_2/O, cell ob_reg[27][f_value][31]_i_2. This is not good design practice and will likely impact performance. For SLICE registers, for example, use the CE pin to control the loading of data.
Related violations: <none>

PDRC-153#4 Warning
Gated clock check  
Net ob_reg[2][f_value][31]_i_2_n_12 is a gated clock net sourced by a combinational pin ob_reg[2][f_value][31]_i_2/O, cell ob_reg[2][f_value][31]_i_2. This is not good design practice and will likely impact performance. For SLICE registers, for example, use the CE pin to control the loading of data.
Related violations: <none>

PDRC-153#5 Warning
Gated clock check  
Net ob_reg[36][f_value][31]_i_2_n_12 is a gated clock net sourced by a combinational pin ob_reg[36][f_value][31]_i_2/O, cell ob_reg[36][f_value][31]_i_2. This is not good design practice and will likely impact performance. For SLICE registers, for example, use the CE pin to control the loading of data.
Related violations: <none>

PDRC-153#6 Warning
Gated clock check  
Net ob_reg[37][f_value][31]_i_2_n_12 is a gated clock net sourced by a combinational pin ob_reg[37][f_value][31]_i_2/O, cell ob_reg[37][f_value][31]_i_2. This is not good design practice and will likely impact performance. For SLICE registers, for example, use the CE pin to control the loading of data.
Related violations: <none>

PDRC-153#7 Warning
Gated clock check  
Net ob_reg[38][f_value][31]_i_2_n_12 is a gated clock net sourced by a combinational pin ob_reg[38][f_value][31]_i_2/O, cell ob_reg[38][f_value][31]_i_2. This is not good design practice and will likely impact performance. For SLICE registers, for example, use the CE pin to control the loading of data.
Related violations: <none>

PDRC-153#8 Warning
Gated clock check  
Net ob_reg[39][f_value][31]_i_2_n_12 is a gated clock net sourced by a combinational pin ob_reg[39][f_value][31]_i_2/O, cell ob_reg[39][f_value][31]_i_2. This is not good design practice and will likely impact performance. For SLICE registers, for example, use the CE pin to control the loading of data.
Related violations: <none>

PDRC-153#9 Warning
Gated clock check  
Net ob_reg[3][f_value][31]_i_2_n_12 is a gated clock net sourced by a combinational pin ob_reg[3][f_value][31]_i_2/O, cell ob_reg[3][f_value][31]_i_2. This is not good design practice and will likely impact performance. For SLICE registers, for example, use the CE pin to control the loading of data.
Related violations: <none>

PDRC-153#10 Warning
Gated clock check  
Net ob_reg[40][f_value][31]_i_2_n_12 is a gated clock net sourced by a combinational pin ob_reg[40][f_value][31]_i_2/O, cell ob_reg[40][f_value][31]_i_2. This is not good design practice and will likely impact performance. For SLICE registers, for example, use the CE pin to control the loading of data.
Related violations: <none>

PDRC-153#11 Warning
Gated clock check  
Net ob_reg[41][f_value][31]_i_2_n_12 is a gated clock net sourced by a combinational pin ob_reg[41][f_value][31]_i_2/O, cell ob_reg[41][f_value][31]_i_2. This is not good design practice and will likely impact performance. For SLICE registers, for example, use the CE pin to control the loading of data.
Related violations: <none>

PDRC-153#12 Warning
Gated clock check  
Net ob_reg[42][f_value][31]_i_2_n_12 is a gated clock net sourced by a combinational pin ob_reg[42][f_value][31]_i_2/O, cell ob_reg[42][f_value][31]_i_2. This is not good design practice and will likely impact performance. For SLICE registers, for example, use the CE pin to control the loading of data.
Related violations: <none>

PDRC-153#13 Warning
Gated clock check  
Net ob_reg[43][f_value][31]_i_2_n_12 is a gated clock net sourced by a combinational pin ob_reg[43][f_value][31]_i_2/O, cell ob_reg[43][f_value][31]_i_2. This is not good design practice and will likely impact performance. For SLICE registers, for example, use the CE pin to control the loading of data.
Related violations: <none>

PDRC-153#14 Warning
Gated clock check  
Net ob_reg[44][f_value][31]_i_2_n_12 is a gated clock net sourced by a combinational pin ob_reg[44][f_value][31]_i_2/O, cell ob_reg[44][f_value][31]_i_2. This is not good design practice and will likely impact performance. For SLICE registers, for example, use the CE pin to control the loading of data.
Related violations: <none>

PDRC-153#15 Warning
Gated clock check  
Net ob_reg[45][f_value][31]_i_2_n_12 is a gated clock net sourced by a combinational pin ob_reg[45][f_value][31]_i_2/O, cell ob_reg[45][f_value][31]_i_2. This is not good design practice and will likely impact performance. For SLICE registers, for example, use the CE pin to control the loading of data.
Related violations: <none>

PDRC-153#16 Warning
Gated clock check  
Net ob_reg[46][f_value][31]_i_2_n_12 is a gated clock net sourced by a combinational pin ob_reg[46][f_value][31]_i_2/O, cell ob_reg[46][f_value][31]_i_2. This is not good design practice and will likely impact performance. For SLICE registers, for example, use the CE pin to control the loading of data.
Related violations: <none>

PDRC-153#17 Warning
Gated clock check  
Net ob_reg[47][f_value][31]_i_2_n_12 is a gated clock net sourced by a combinational pin ob_reg[47][f_value][31]_i_2/O, cell ob_reg[47][f_value][31]_i_2. This is not good design practice and will likely impact performance. For SLICE registers, for example, use the CE pin to control the loading of data.
Related violations: <none>

PDRC-153#18 Warning
Gated clock check  
Net ob_reg[48][f_value][31]_i_2_n_12 is a gated clock net sourced by a combinational pin ob_reg[48][f_value][31]_i_2/O, cell ob_reg[48][f_value][31]_i_2. This is not good design practice and will likely impact performance. For SLICE registers, for example, use the CE pin to control the loading of data.
Related violations: <none>

PDRC-153#19 Warning
Gated clock check  
Net ob_reg[49][f_value][31]_i_2_n_12 is a gated clock net sourced by a combinational pin ob_reg[49][f_value][31]_i_2/O, cell ob_reg[49][f_value][31]_i_2. This is not good design practice and will likely impact performance. For SLICE registers, for example, use the CE pin to control the loading of data.
Related violations: <none>

PDRC-153#20 Warning
Gated clock check  
Net ob_reg[4][f_value][31]_i_2_n_12 is a gated clock net sourced by a combinational pin ob_reg[4][f_value][31]_i_2/O, cell ob_reg[4][f_value][31]_i_2. This is not good design practice and will likely impact performance. For SLICE registers, for example, use the CE pin to control the loading of data.
Related violations: <none>

PDRC-153#21 Warning
Gated clock check  
Net ob_reg[50][f_value][31]_i_2_n_12 is a gated clock net sourced by a combinational pin ob_reg[50][f_value][31]_i_2/O, cell ob_reg[50][f_value][31]_i_2. This is not good design practice and will likely impact performance. For SLICE registers, for example, use the CE pin to control the loading of data.
Related violations: <none>

PDRC-153#22 Warning
Gated clock check  
Net ob_reg[51][f_value][31]_i_2_n_12 is a gated clock net sourced by a combinational pin ob_reg[51][f_value][31]_i_2/O, cell ob_reg[51][f_value][31]_i_2. This is not good design practice and will likely impact performance. For SLICE registers, for example, use the CE pin to control the loading of data.
Related violations: <none>

PDRC-153#23 Warning
Gated clock check  
Net ob_reg[52][f_value][31]_i_2_n_12 is a gated clock net sourced by a combinational pin ob_reg[52][f_value][31]_i_2/O, cell ob_reg[52][f_value][31]_i_2. This is not good design practice and will likely impact performance. For SLICE registers, for example, use the CE pin to control the loading of data.
Related violations: <none>

PDRC-153#24 Warning
Gated clock check  
Net ob_reg[53][f_value][31]_i_2_n_12 is a gated clock net sourced by a combinational pin ob_reg[53][f_value][31]_i_2/O, cell ob_reg[53][f_value][31]_i_2. This is not good design practice and will likely impact performance. For SLICE registers, for example, use the CE pin to control the loading of data.
Related violations: <none>

PDRC-153#25 Warning
Gated clock check  
Net ob_reg[54][f_value][31]_i_2_n_12 is a gated clock net sourced by a combinational pin ob_reg[54][f_value][31]_i_2/O, cell ob_reg[54][f_value][31]_i_2. This is not good design practice and will likely impact performance. For SLICE registers, for example, use the CE pin to control the loading of data.
Related violations: <none>

PDRC-153#26 Warning
Gated clock check  
Net ob_reg[55][f_value][31]_i_2_n_12 is a gated clock net sourced by a combinational pin ob_reg[55][f_value][31]_i_2/O, cell ob_reg[55][f_value][31]_i_2. This is not good design practice and will likely impact performance. For SLICE registers, for example, use the CE pin to control the loading of data.
Related violations: <none>

PDRC-153#27 Warning
Gated clock check  
Net ob_reg[56][f_value][31]_i_2_n_12 is a gated clock net sourced by a combinational pin ob_reg[56][f_value][31]_i_2/O, cell ob_reg[56][f_value][31]_i_2. This is not good design practice and will likely impact performance. For SLICE registers, for example, use the CE pin to control the loading of data.
Related violations: <none>

PDRC-153#28 Warning
Gated clock check  
Net ob_reg[57][f_value][31]_i_2_n_12 is a gated clock net sourced by a combinational pin ob_reg[57][f_value][31]_i_2/O, cell ob_reg[57][f_value][31]_i_2. This is not good design practice and will likely impact performance. For SLICE registers, for example, use the CE pin to control the loading of data.
Related violations: <none>

PDRC-153#29 Warning
Gated clock check  
Net ob_reg[58][f_value][31]_i_2_n_12 is a gated clock net sourced by a combinational pin ob_reg[58][f_value][31]_i_2/O, cell ob_reg[58][f_value][31]_i_2. This is not good design practice and will likely impact performance. For SLICE registers, for example, use the CE pin to control the loading of data.
Related violations: <none>

PDRC-153#30 Warning
Gated clock check  
Net ob_reg[59][f_value][31]_i_2_n_12 is a gated clock net sourced by a combinational pin ob_reg[59][f_value][31]_i_2/O, cell ob_reg[59][f_value][31]_i_2. This is not good design practice and will likely impact performance. For SLICE registers, for example, use the CE pin to control the loading of data.
Related violations: <none>

PDRC-153#31 Warning
Gated clock check  
Net ob_reg[5][f_value][31]_i_2_n_12 is a gated clock net sourced by a combinational pin ob_reg[5][f_value][31]_i_2/O, cell ob_reg[5][f_value][31]_i_2. This is not good design practice and will likely impact performance. For SLICE registers, for example, use the CE pin to control the loading of data.
Related violations: <none>

PDRC-153#32 Warning
Gated clock check  
Net ob_reg[60][f_value][31]_i_2_n_12 is a gated clock net sourced by a combinational pin ob_reg[60][f_value][31]_i_2/O, cell ob_reg[60][f_value][31]_i_2. This is not good design practice and will likely impact performance. For SLICE registers, for example, use the CE pin to control the loading of data.
Related violations: <none>

PDRC-153#33 Warning
Gated clock check  
Net ob_reg[61][f_value][31]_i_2_n_12 is a gated clock net sourced by a combinational pin ob_reg[61][f_value][31]_i_2/O, cell ob_reg[61][f_value][31]_i_2. This is not good design practice and will likely impact performance. For SLICE registers, for example, use the CE pin to control the loading of data.
Related violations: <none>

PDRC-153#34 Warning
Gated clock check  
Net ob_reg[62][f_value][31]_i_2_n_12 is a gated clock net sourced by a combinational pin ob_reg[62][f_value][31]_i_2/O, cell ob_reg[62][f_value][31]_i_2. This is not good design practice and will likely impact performance. For SLICE registers, for example, use the CE pin to control the loading of data.
Related violations: <none>

PDRC-153#35 Warning
Gated clock check  
Net ob_reg[63][f_value][31]_i_2_n_12 is a gated clock net sourced by a combinational pin ob_reg[63][f_value][31]_i_2/O, cell ob_reg[63][f_value][31]_i_2. This is not good design practice and will likely impact performance. For SLICE registers, for example, use the CE pin to control the loading of data.
Related violations: <none>

PDRC-153#36 Warning
Gated clock check  
Net ob_reg[6][f_value][31]_i_2_n_12 is a gated clock net sourced by a combinational pin ob_reg[6][f_value][31]_i_2/O, cell ob_reg[6][f_value][31]_i_2. This is not good design practice and will likely impact performance. For SLICE registers, for example, use the CE pin to control the loading of data.
Related violations: <none>

PDRC-153#37 Warning
Gated clock check  
Net ob_reg[7][f_value][31]_i_2_n_12 is a gated clock net sourced by a combinational pin ob_reg[7][f_value][31]_i_2/O, cell ob_reg[7][f_value][31]_i_2. This is not good design practice and will likely impact performance. For SLICE registers, for example, use the CE pin to control the loading of data.
Related violations: <none>

PDRC-153#38 Warning
Gated clock check  
Net ob_reg[8][f_value][31]_i_2_n_12 is a gated clock net sourced by a combinational pin ob_reg[8][f_value][31]_i_2/O, cell ob_reg[8][f_value][31]_i_2. This is not good design practice and will likely impact performance. For SLICE registers, for example, use the CE pin to control the loading of data.
Related violations: <none>

PDRC-153#39 Warning
Gated clock check  
Net ob_reg[9][f_value][31]_i_2_n_12 is a gated clock net sourced by a combinational pin ob_reg[9][f_value][31]_i_2/O, cell ob_reg[9][f_value][31]_i_2. This is not good design practice and will likely impact performance. For SLICE registers, for example, use the CE pin to control the loading of data.
Related violations: <none>


