Copyright 1986-2022 Xilinx, Inc. All Rights Reserved. Copyright 2022-2024 Advanced Micro Devices, Inc. All Rights Reserved.
-----------------------------------------------------------------------------------------------------------------------------------------------------------------------------------------------------------------------------------------
| Tool Version      : Vivado v.2024.1 (lin64) Build 5076996 Wed May 22 18:36:09 MDT 2024
| Date              : Sun Sep  1 19:23:26 2024
| Host              : archlinux running 64-bit Arch Linux
| Command           : report_timing_summary -max_paths 10 -report_unconstrained -file register_tree_timing_summary_routed.rpt -pb register_tree_timing_summary_routed.pb -rpx register_tree_timing_summary_routed.rpx -warn_on_violation
| Design            : register_tree
| Device            : xcu250-figd2104
| Speed File        : -2L  PRODUCTION 1.28 03-30-2022
| Design State      : Routed
| Temperature Grade : E
-----------------------------------------------------------------------------------------------------------------------------------------------------------------------------------------------------------------------------------------

Timing Summary Report

------------------------------------------------------------------------------------------------
| Timer Settings
| --------------
------------------------------------------------------------------------------------------------

  Enable Multi Corner Analysis               :  Yes
  Enable Pessimism Removal                   :  Yes
  Pessimism Removal Resolution               :  Nearest Common Node
  Enable Input Delay Default Clock           :  No
  Enable Preset / Clear Arcs                 :  No
  Disable Flight Delays                      :  No
  Ignore I/O Paths                           :  No
  Timing Early Launch at Borrowing Latches   :  No
  Borrow Time for Max Delay Exceptions       :  Yes
  Merge Timing Exceptions                    :  Yes
  Inter-SLR Compensation                     :  Conservative

  Corner  Analyze    Analyze    
  Name    Max Paths  Min Paths  
  ------  ---------  ---------  
  Slow    Yes        Yes        
  Fast    Yes        Yes        


------------------------------------------------------------------------------------------------
| Report Methodology
| ------------------
------------------------------------------------------------------------------------------------

Rule       Severity          Description                  Violations  
---------  ----------------  ---------------------------  ----------  
TIMING-17  Critical Warning  Non-clocked sequential cell  517         

Note: This report is based on the most recent report_methodology run and may not be up-to-date. Run report_methodology on the current design for the latest report.



check_timing report

Table of Contents
-----------------
1. checking no_clock (517)
2. checking constant_clock (0)
3. checking pulse_width_clock (0)
4. checking unconstrained_internal_endpoints (1038)
5. checking no_input_delay (34)
6. checking no_output_delay (32)
7. checking multiple_clock (0)
8. checking generated_clocks (0)
9. checking loops (0)
10. checking partial_input_delay (0)
11. checking partial_output_delay (0)
12. checking latch_loops (0)

1. checking no_clock (517)
--------------------------
 There are 517 register/latch pins with no clock driven by root clock pin: clk (HIGH)


2. checking constant_clock (0)
------------------------------
 There are 0 register/latch pins with constant_clock.


3. checking pulse_width_clock (0)
---------------------------------
 There are 0 register/latch pins which need pulse_width check


4. checking unconstrained_internal_endpoints (1038)
---------------------------------------------------
 There are 1038 pins that are not constrained for maximum delay. (HIGH)

 There are 0 pins that are not constrained for maximum delay due to constant clock.


5. checking no_input_delay (34)
-------------------------------
 There are 34 input ports with no input delay specified. (HIGH)

 There are 0 input ports with no input delay but user has a false path constraint.


6. checking no_output_delay (32)
--------------------------------
 There are 32 ports with no output delay specified. (HIGH)

 There are 0 ports with no output delay but user has a false path constraint

 There are 0 ports with no output delay but with a timing clock defined on it or propagating through it


7. checking multiple_clock (0)
------------------------------
 There are 0 register/latch pins with multiple clocks.


8. checking generated_clocks (0)
--------------------------------
 There are 0 generated clocks that are not connected to a clock source.


9. checking loops (0)
---------------------
 There are 0 combinational loops in the design.


10. checking partial_input_delay (0)
------------------------------------
 There are 0 input ports with partial input delay specified.


11. checking partial_output_delay (0)
-------------------------------------
 There are 0 ports with partial output delay specified.


12. checking latch_loops (0)
----------------------------
 There are 0 combinational latch loops in the design through latch input



------------------------------------------------------------------------------------------------
| Design Timing Summary
| ---------------------
------------------------------------------------------------------------------------------------

    WNS(ns)      TNS(ns)  TNS Failing Endpoints  TNS Total Endpoints      WHS(ns)      THS(ns)  THS Failing Endpoints  THS Total Endpoints     WPWS(ns)     TPWS(ns)  TPWS Failing Endpoints  TPWS Total Endpoints  
    -------      -------  ---------------------  -------------------      -------      -------  ---------------------  -------------------     --------     --------  ----------------------  --------------------  
        inf        0.000                      0                 1070          inf        0.000                      0                 1070           NA           NA                      NA                    NA  


There are no user specified timing constraints.


------------------------------------------------------------------------------------------------
| Clock Summary
| -------------
------------------------------------------------------------------------------------------------


------------------------------------------------------------------------------------------------
| Intra Clock Table
| -----------------
------------------------------------------------------------------------------------------------

Clock             WNS(ns)      TNS(ns)  TNS Failing Endpoints  TNS Total Endpoints      WHS(ns)      THS(ns)  THS Failing Endpoints  THS Total Endpoints     WPWS(ns)     TPWS(ns)  TPWS Failing Endpoints  TPWS Total Endpoints  
-----             -------      -------  ---------------------  -------------------      -------      -------  ---------------------  -------------------     --------     --------  ----------------------  --------------------  


------------------------------------------------------------------------------------------------
| Inter Clock Table
| -----------------
------------------------------------------------------------------------------------------------

From Clock    To Clock          WNS(ns)      TNS(ns)  TNS Failing Endpoints  TNS Total Endpoints      WHS(ns)      THS(ns)  THS Failing Endpoints  THS Total Endpoints  
----------    --------          -------      -------  ---------------------  -------------------      -------      -------  ---------------------  -------------------  


------------------------------------------------------------------------------------------------
| Other Path Groups Table
| -----------------------
------------------------------------------------------------------------------------------------

Path Group    From Clock    To Clock          WNS(ns)      TNS(ns)  TNS Failing Endpoints  TNS Total Endpoints      WHS(ns)      THS(ns)  THS Failing Endpoints  THS Total Endpoints  
----------    ----------    --------          -------      -------  ---------------------  -------------------      -------      -------  ---------------------  -------------------  


------------------------------------------------------------------------------------------------
| User Ignored Path Table
| -----------------------
------------------------------------------------------------------------------------------------

Path Group    From Clock    To Clock    
----------    ----------    --------    


------------------------------------------------------------------------------------------------
| Unconstrained Path Table
| ------------------------
------------------------------------------------------------------------------------------------

Path Group    From Clock    To Clock    
----------    ----------    --------    
(none)                                    


------------------------------------------------------------------------------------------------
| Timing Details
| --------------
------------------------------------------------------------------------------------------------


--------------------------------------------------------------------------------------
Path Group:  (none)
From Clock:  
  To Clock:  

Max Delay          1070 Endpoints
Min Delay          1070 Endpoints
--------------------------------------------------------------------------------------


Max Delay Paths
--------------------------------------------------------------------------------------
Slack:                    inf
  Source:                 tree_reg[1][1]/C
                            (rising edge-triggered cell FDRE)
  Destination:            tree_reg[1][12]/D
  Path Group:             (none)
  Path Type:              Max at Slow Process Corner
  Data Path Delay:        4.810ns  (logic 0.584ns (12.142%)  route 4.226ns (87.858%))
  Logic Levels:           6  (CARRY8=2 FDRE=1 LUT4=2 LUT6=1)

    Location             Delay type                Incr(ns)  Path(ns)    Netlist Resource(s)
  -------------------------------------------------------------------    -------------------
    SLICE_X120Y430       FDRE                         0.000     0.000 r  tree_reg[1][1]/C
    SLICE_X120Y430       FDRE (Prop_DFF_SLICEL_C_Q)
                                                      0.079     0.079 r  tree_reg[1][1]/Q
                         net (fo=13, routed)          2.187     2.266    tree_reg_n_0_[1][1]
    SLICE_X122Y436       LUT4 (Prop_A6LUT_SLICEM_I3_O)
                                                      0.053     2.319 r  tree[1][31]_i_74/O
                         net (fo=1, routed)           0.013     2.332    tree[1][31]_i_74_n_0
    SLICE_X122Y436       CARRY8 (Prop_CARRY8_SLICEM_S[0]_CO[7])
                                                      0.192     2.524 r  tree_reg[1][31]_i_8/CO[7]
                         net (fo=1, routed)           0.026     2.550    tree_reg[1][31]_i_8_n_0
    SLICE_X122Y437       CARRY8 (Prop_CARRY8_SLICEM_CI_CO[7])
                                                      0.022     2.572 r  tree_reg[1][31]_i_5/CO[7]
                         net (fo=64, routed)          1.632     4.205    comparator_units[1].comparator_inst/parent_less_than_left
    SLICE_X120Y431       LUT6 (Prop_G6LUT_SLICEL_I1_O)
                                                      0.149     4.354 r  tree[1][12]_i_3/O
                         net (fo=1, routed)           0.318     4.672    new_parent[1][12]
    SLICE_X117Y431       LUT4 (Prop_D6LUT_SLICEL_I3_O)
                                                      0.089     4.761 r  tree[1][12]_i_1/O
                         net (fo=1, routed)           0.049     4.810    tree[1][12]_i_1_n_0
    SLICE_X117Y431       FDRE                                         r  tree_reg[1][12]/D
  -------------------------------------------------------------------    -------------------

Slack:                    inf
  Source:                 tree_reg[1][1]/C
                            (rising edge-triggered cell FDRE)
  Destination:            tree_reg[1][25]/D
  Path Group:             (none)
  Path Type:              Max at Slow Process Corner
  Data Path Delay:        4.595ns  (logic 0.619ns (13.472%)  route 3.976ns (86.528%))
  Logic Levels:           6  (CARRY8=2 FDRE=1 LUT4=2 LUT6=1)

    Location             Delay type                Incr(ns)  Path(ns)    Netlist Resource(s)
  -------------------------------------------------------------------    -------------------
    SLICE_X120Y430       FDRE                         0.000     0.000 r  tree_reg[1][1]/C
    SLICE_X120Y430       FDRE (Prop_DFF_SLICEL_C_Q)
                                                      0.079     0.079 r  tree_reg[1][1]/Q
                         net (fo=13, routed)          2.187     2.266    tree_reg_n_0_[1][1]
    SLICE_X122Y436       LUT4 (Prop_A6LUT_SLICEM_I3_O)
                                                      0.053     2.319 r  tree[1][31]_i_74/O
                         net (fo=1, routed)           0.013     2.332    tree[1][31]_i_74_n_0
    SLICE_X122Y436       CARRY8 (Prop_CARRY8_SLICEM_S[0]_CO[7])
                                                      0.192     2.524 r  tree_reg[1][31]_i_8/CO[7]
                         net (fo=1, routed)           0.026     2.550    tree_reg[1][31]_i_8_n_0
    SLICE_X122Y437       CARRY8 (Prop_CARRY8_SLICEM_CI_CO[7])
                                                      0.022     2.572 r  tree_reg[1][31]_i_5/CO[7]
                         net (fo=64, routed)          1.481     4.054    comparator_units[1].comparator_inst/parent_less_than_left
    SLICE_X119Y438       LUT6 (Prop_G6LUT_SLICEL_I1_O)
                                                      0.123     4.177 r  tree[1][25]_i_3/O
                         net (fo=1, routed)           0.217     4.394    new_parent[1][25]
    SLICE_X117Y438       LUT4 (Prop_H6LUT_SLICEL_I3_O)
                                                      0.150     4.544 r  tree[1][25]_i_1/O
                         net (fo=1, routed)           0.051     4.595    tree[1][25]_i_1_n_0
    SLICE_X117Y438       FDRE                                         r  tree_reg[1][25]/D
  -------------------------------------------------------------------    -------------------

Slack:                    inf
  Source:                 tree_reg[1][1]/C
                            (rising edge-triggered cell FDRE)
  Destination:            tree_reg[3][3]/D
  Path Group:             (none)
  Path Type:              Max at Slow Process Corner
  Data Path Delay:        4.574ns  (logic 0.486ns (10.626%)  route 4.088ns (89.374%))
  Logic Levels:           6  (CARRY8=2 FDRE=1 LUT3=1 LUT4=1 LUT6=1)

    Location             Delay type                Incr(ns)  Path(ns)    Netlist Resource(s)
  -------------------------------------------------------------------    -------------------
    SLICE_X120Y430       FDRE                         0.000     0.000 r  tree_reg[1][1]/C
    SLICE_X120Y430       FDRE (Prop_DFF_SLICEL_C_Q)
                                                      0.079     0.079 r  tree_reg[1][1]/Q
                         net (fo=13, routed)          2.187     2.266    tree_reg_n_0_[1][1]
    SLICE_X122Y436       LUT4 (Prop_A6LUT_SLICEM_I3_O)
                                                      0.053     2.319 r  tree[1][31]_i_74/O
                         net (fo=1, routed)           0.013     2.332    tree[1][31]_i_74_n_0
    SLICE_X122Y436       CARRY8 (Prop_CARRY8_SLICEM_S[0]_CO[7])
                                                      0.192     2.524 r  tree_reg[1][31]_i_8/CO[7]
                         net (fo=1, routed)           0.026     2.550    tree_reg[1][31]_i_8_n_0
    SLICE_X122Y437       CARRY8 (Prop_CARRY8_SLICEM_CI_CO[7])
                                                      0.022     2.572 r  tree_reg[1][31]_i_5/CO[7]
                         net (fo=64, routed)          1.729     4.302    comparator_units[1].comparator_inst/parent_less_than_left
    SLICE_X123Y433       LUT6 (Prop_H6LUT_SLICEL_I3_O)
                                                      0.090     4.392 f  tree[3][3]_i_3/O
                         net (fo=1, routed)           0.083     4.475    tree[3][3]_i_3_n_0
    SLICE_X123Y433       LUT3 (Prop_D6LUT_SLICEL_I2_O)
                                                      0.050     4.525 r  tree[3][3]_i_1/O
                         net (fo=1, routed)           0.049     4.574    tree[3][3]_i_1_n_0
    SLICE_X123Y433       FDRE                                         r  tree_reg[3][3]/D
  -------------------------------------------------------------------    -------------------

Slack:                    inf
  Source:                 tree_reg[1][1]/C
                            (rising edge-triggered cell FDRE)
  Destination:            tree_reg[1][30]/D
  Path Group:             (none)
  Path Type:              Max at Slow Process Corner
  Data Path Delay:        4.555ns  (logic 0.617ns (13.546%)  route 3.938ns (86.454%))
  Logic Levels:           6  (CARRY8=2 FDRE=1 LUT4=2 LUT6=1)

    Location             Delay type                Incr(ns)  Path(ns)    Netlist Resource(s)
  -------------------------------------------------------------------    -------------------
    SLICE_X120Y430       FDRE                         0.000     0.000 r  tree_reg[1][1]/C
    SLICE_X120Y430       FDRE (Prop_DFF_SLICEL_C_Q)
                                                      0.079     0.079 r  tree_reg[1][1]/Q
                         net (fo=13, routed)          2.187     2.266    tree_reg_n_0_[1][1]
    SLICE_X122Y436       LUT4 (Prop_A6LUT_SLICEM_I3_O)
                                                      0.053     2.319 r  tree[1][31]_i_74/O
                         net (fo=1, routed)           0.013     2.332    tree[1][31]_i_74_n_0
    SLICE_X122Y436       CARRY8 (Prop_CARRY8_SLICEM_S[0]_CO[7])
                                                      0.192     2.524 r  tree_reg[1][31]_i_8/CO[7]
                         net (fo=1, routed)           0.026     2.550    tree_reg[1][31]_i_8_n_0
    SLICE_X122Y437       CARRY8 (Prop_CARRY8_SLICEM_CI_CO[7])
                                                      0.022     2.572 r  tree_reg[1][31]_i_5/CO[7]
                         net (fo=64, routed)          1.556     4.128    comparator_units[1].comparator_inst/parent_less_than_left
    SLICE_X119Y439       LUT6 (Prop_F6LUT_SLICEL_I1_O)
                                                      0.148     4.276 r  tree[1][30]_i_3/O
                         net (fo=1, routed)           0.090     4.366    new_parent[1][30]
    SLICE_X118Y439       LUT4 (Prop_C6LUT_SLICEM_I3_O)
                                                      0.123     4.489 r  tree[1][30]_i_1/O
                         net (fo=1, routed)           0.066     4.555    tree[1][30]_i_1_n_0
    SLICE_X118Y439       FDRE                                         r  tree_reg[1][30]/D
  -------------------------------------------------------------------    -------------------

Slack:                    inf
  Source:                 tree_reg[1][1]/C
                            (rising edge-triggered cell FDRE)
  Destination:            tree_reg[1][0]/D
  Path Group:             (none)
  Path Type:              Max at Slow Process Corner
  Data Path Delay:        4.551ns  (logic 0.601ns (13.206%)  route 3.950ns (86.794%))
  Logic Levels:           6  (CARRY8=2 FDRE=1 LUT4=2 LUT6=1)

    Location             Delay type                Incr(ns)  Path(ns)    Netlist Resource(s)
  -------------------------------------------------------------------    -------------------
    SLICE_X120Y430       FDRE                         0.000     0.000 r  tree_reg[1][1]/C
    SLICE_X120Y430       FDRE (Prop_DFF_SLICEL_C_Q)
                                                      0.079     0.079 r  tree_reg[1][1]/Q
                         net (fo=13, routed)          2.187     2.266    tree_reg_n_0_[1][1]
    SLICE_X122Y436       LUT4 (Prop_A6LUT_SLICEM_I3_O)
                                                      0.053     2.319 r  tree[1][31]_i_74/O
                         net (fo=1, routed)           0.013     2.332    tree[1][31]_i_74_n_0
    SLICE_X122Y436       CARRY8 (Prop_CARRY8_SLICEM_S[0]_CO[7])
                                                      0.192     2.524 r  tree_reg[1][31]_i_8/CO[7]
                         net (fo=1, routed)           0.026     2.550    tree_reg[1][31]_i_8_n_0
    SLICE_X122Y437       CARRY8 (Prop_CARRY8_SLICEM_CI_CO[7])
                                                      0.022     2.572 r  tree_reg[1][31]_i_5/CO[7]
                         net (fo=64, routed)          1.605     4.177    comparator_units[1].comparator_inst/parent_less_than_left
    SLICE_X120Y433       LUT6 (Prop_G6LUT_SLICEL_I1_O)
                                                      0.097     4.274 r  tree[1][0]_i_3/O
                         net (fo=1, routed)           0.103     4.377    new_parent[1][0]
    SLICE_X120Y433       LUT4 (Prop_C5LUT_SLICEL_I3_O)
                                                      0.158     4.535 r  tree[1][0]_i_1/O
                         net (fo=1, routed)           0.016     4.551    tree[1][0]_i_1_n_0
    SLICE_X120Y433       FDRE                                         r  tree_reg[1][0]/D
  -------------------------------------------------------------------    -------------------

Slack:                    inf
  Source:                 tree_reg[1][1]/C
                            (rising edge-triggered cell FDRE)
  Destination:            tree_reg[1][1]/D
  Path Group:             (none)
  Path Type:              Max at Slow Process Corner
  Data Path Delay:        4.536ns  (logic 0.557ns (12.280%)  route 3.979ns (87.720%))
  Logic Levels:           6  (CARRY8=2 FDRE=1 LUT4=2 LUT6=1)

    Location             Delay type                Incr(ns)  Path(ns)    Netlist Resource(s)
  -------------------------------------------------------------------    -------------------
    SLICE_X120Y430       FDRE                         0.000     0.000 r  tree_reg[1][1]/C
    SLICE_X120Y430       FDRE (Prop_DFF_SLICEL_C_Q)
                                                      0.079     0.079 r  tree_reg[1][1]/Q
                         net (fo=13, routed)          2.187     2.266    tree_reg_n_0_[1][1]
    SLICE_X122Y436       LUT4 (Prop_A6LUT_SLICEM_I3_O)
                                                      0.053     2.319 r  tree[1][31]_i_74/O
                         net (fo=1, routed)           0.013     2.332    tree[1][31]_i_74_n_0
    SLICE_X122Y436       CARRY8 (Prop_CARRY8_SLICEM_S[0]_CO[7])
                                                      0.192     2.524 r  tree_reg[1][31]_i_8/CO[7]
                         net (fo=1, routed)           0.026     2.550    tree_reg[1][31]_i_8_n_0
    SLICE_X122Y437       CARRY8 (Prop_CARRY8_SLICEM_CI_CO[7])
                                                      0.022     2.572 r  tree_reg[1][31]_i_5/CO[7]
                         net (fo=64, routed)          1.606     4.179    comparator_units[1].comparator_inst/parent_less_than_left
    SLICE_X120Y430       LUT6 (Prop_F6LUT_SLICEL_I1_O)
                                                      0.089     4.268 r  tree[1][1]_i_3/O
                         net (fo=1, routed)           0.097     4.365    new_parent[1][1]
    SLICE_X120Y430       LUT4 (Prop_D6LUT_SLICEL_I3_O)
                                                      0.122     4.487 r  tree[1][1]_i_1/O
                         net (fo=1, routed)           0.049     4.536    tree[1][1]_i_1_n_0
    SLICE_X120Y430       FDRE                                         r  tree_reg[1][1]/D
  -------------------------------------------------------------------    -------------------

Slack:                    inf
  Source:                 tree_reg[1][1]/C
                            (rising edge-triggered cell FDRE)
  Destination:            tree_reg[1][5]/D
  Path Group:             (none)
  Path Type:              Max at Slow Process Corner
  Data Path Delay:        4.531ns  (logic 0.479ns (10.572%)  route 4.052ns (89.428%))
  Logic Levels:           6  (CARRY8=2 FDRE=1 LUT4=2 LUT6=1)

    Location             Delay type                Incr(ns)  Path(ns)    Netlist Resource(s)
  -------------------------------------------------------------------    -------------------
    SLICE_X120Y430       FDRE                         0.000     0.000 r  tree_reg[1][1]/C
    SLICE_X120Y430       FDRE (Prop_DFF_SLICEL_C_Q)
                                                      0.079     0.079 r  tree_reg[1][1]/Q
                         net (fo=13, routed)          2.187     2.266    tree_reg_n_0_[1][1]
    SLICE_X122Y436       LUT4 (Prop_A6LUT_SLICEM_I3_O)
                                                      0.053     2.319 r  tree[1][31]_i_74/O
                         net (fo=1, routed)           0.013     2.332    tree[1][31]_i_74_n_0
    SLICE_X122Y436       CARRY8 (Prop_CARRY8_SLICEM_S[0]_CO[7])
                                                      0.192     2.524 r  tree_reg[1][31]_i_8/CO[7]
                         net (fo=1, routed)           0.026     2.550    tree_reg[1][31]_i_8_n_0
    SLICE_X122Y437       CARRY8 (Prop_CARRY8_SLICEM_CI_CO[7])
                                                      0.022     2.572 r  tree_reg[1][31]_i_5/CO[7]
                         net (fo=64, routed)          1.693     4.265    comparator_units[1].comparator_inst/parent_less_than_left
    SLICE_X119Y430       LUT6 (Prop_F6LUT_SLICEL_I1_O)
                                                      0.097     4.362 r  tree[1][5]_i_3/O
                         net (fo=1, routed)           0.082     4.444    new_parent[1][5]
    SLICE_X119Y429       LUT4 (Prop_H6LUT_SLICEL_I3_O)
                                                      0.036     4.480 r  tree[1][5]_i_1/O
                         net (fo=1, routed)           0.051     4.531    tree[1][5]_i_1_n_0
    SLICE_X119Y429       FDRE                                         r  tree_reg[1][5]/D
  -------------------------------------------------------------------    -------------------

Slack:                    inf
  Source:                 tree_reg[1][1]/C
                            (rising edge-triggered cell FDRE)
  Destination:            tree_reg[1][3]/D
  Path Group:             (none)
  Path Type:              Max at Slow Process Corner
  Data Path Delay:        4.508ns  (logic 0.591ns (13.111%)  route 3.917ns (86.889%))
  Logic Levels:           6  (CARRY8=2 FDRE=1 LUT4=2 LUT6=1)

    Location             Delay type                Incr(ns)  Path(ns)    Netlist Resource(s)
  -------------------------------------------------------------------    -------------------
    SLICE_X120Y430       FDRE                         0.000     0.000 r  tree_reg[1][1]/C
    SLICE_X120Y430       FDRE (Prop_DFF_SLICEL_C_Q)
                                                      0.079     0.079 r  tree_reg[1][1]/Q
                         net (fo=13, routed)          2.187     2.266    tree_reg_n_0_[1][1]
    SLICE_X122Y436       LUT4 (Prop_A6LUT_SLICEM_I3_O)
                                                      0.053     2.319 r  tree[1][31]_i_74/O
                         net (fo=1, routed)           0.013     2.332    tree[1][31]_i_74_n_0
    SLICE_X122Y436       CARRY8 (Prop_CARRY8_SLICEM_S[0]_CO[7])
                                                      0.192     2.524 r  tree_reg[1][31]_i_8/CO[7]
                         net (fo=1, routed)           0.026     2.550    tree_reg[1][31]_i_8_n_0
    SLICE_X122Y437       CARRY8 (Prop_CARRY8_SLICEM_CI_CO[7])
                                                      0.022     2.572 r  tree_reg[1][31]_i_5/CO[7]
                         net (fo=64, routed)          1.484     4.057    comparator_units[1].comparator_inst/parent_less_than_left
    SLICE_X119Y432       LUT6 (Prop_E6LUT_SLICEL_I1_O)
                                                      0.123     4.180 r  tree[1][3]_i_3/O
                         net (fo=1, routed)           0.157     4.337    new_parent[1][3]
    SLICE_X117Y432       LUT4 (Prop_D6LUT_SLICEL_I3_O)
                                                      0.122     4.459 r  tree[1][3]_i_1/O
                         net (fo=1, routed)           0.049     4.508    tree[1][3]_i_1_n_0
    SLICE_X117Y432       FDRE                                         r  tree_reg[1][3]/D
  -------------------------------------------------------------------    -------------------

Slack:                    inf
  Source:                 tree_reg[1][1]/C
                            (rising edge-triggered cell FDRE)
  Destination:            tree_reg[1][7]/D
  Path Group:             (none)
  Path Type:              Max at Slow Process Corner
  Data Path Delay:        4.506ns  (logic 0.546ns (12.116%)  route 3.960ns (87.884%))
  Logic Levels:           6  (CARRY8=2 FDRE=1 LUT4=2 LUT6=1)

    Location             Delay type                Incr(ns)  Path(ns)    Netlist Resource(s)
  -------------------------------------------------------------------    -------------------
    SLICE_X120Y430       FDRE                         0.000     0.000 r  tree_reg[1][1]/C
    SLICE_X120Y430       FDRE (Prop_DFF_SLICEL_C_Q)
                                                      0.079     0.079 r  tree_reg[1][1]/Q
                         net (fo=13, routed)          2.187     2.266    tree_reg_n_0_[1][1]
    SLICE_X122Y436       LUT4 (Prop_A6LUT_SLICEM_I3_O)
                                                      0.053     2.319 r  tree[1][31]_i_74/O
                         net (fo=1, routed)           0.013     2.332    tree[1][31]_i_74_n_0
    SLICE_X122Y436       CARRY8 (Prop_CARRY8_SLICEM_S[0]_CO[7])
                                                      0.192     2.524 r  tree_reg[1][31]_i_8/CO[7]
                         net (fo=1, routed)           0.026     2.550    tree_reg[1][31]_i_8_n_0
    SLICE_X122Y437       CARRY8 (Prop_CARRY8_SLICEM_CI_CO[7])
                                                      0.022     2.572 r  tree_reg[1][31]_i_5/CO[7]
                         net (fo=64, routed)          1.602     4.174    comparator_units[1].comparator_inst/parent_less_than_left
    SLICE_X120Y434       LUT6 (Prop_H6LUT_SLICEL_I1_O)
                                                      0.150     4.324 r  tree[1][7]_i_3/O
                         net (fo=1, routed)           0.083     4.407    new_parent[1][7]
    SLICE_X120Y434       LUT4 (Prop_D6LUT_SLICEL_I3_O)
                                                      0.050     4.457 r  tree[1][7]_i_1/O
                         net (fo=1, routed)           0.049     4.506    tree[1][7]_i_1_n_0
    SLICE_X120Y434       FDRE                                         r  tree_reg[1][7]/D
  -------------------------------------------------------------------    -------------------

Slack:                    inf
  Source:                 tree_reg[1][1]/C
                            (rising edge-triggered cell FDRE)
  Destination:            tree_reg[1][22]/D
  Path Group:             (none)
  Path Type:              Max at Slow Process Corner
  Data Path Delay:        4.502ns  (logic 0.618ns (13.728%)  route 3.884ns (86.272%))
  Logic Levels:           6  (CARRY8=2 FDRE=1 LUT4=2 LUT6=1)

    Location             Delay type                Incr(ns)  Path(ns)    Netlist Resource(s)
  -------------------------------------------------------------------    -------------------
    SLICE_X120Y430       FDRE                         0.000     0.000 r  tree_reg[1][1]/C
    SLICE_X120Y430       FDRE (Prop_DFF_SLICEL_C_Q)
                                                      0.079     0.079 r  tree_reg[1][1]/Q
                         net (fo=13, routed)          2.187     2.266    tree_reg_n_0_[1][1]
    SLICE_X122Y436       LUT4 (Prop_A6LUT_SLICEM_I3_O)
                                                      0.053     2.319 r  tree[1][31]_i_74/O
                         net (fo=1, routed)           0.013     2.332    tree[1][31]_i_74_n_0
    SLICE_X122Y436       CARRY8 (Prop_CARRY8_SLICEM_S[0]_CO[7])
                                                      0.192     2.524 r  tree_reg[1][31]_i_8/CO[7]
                         net (fo=1, routed)           0.026     2.550    tree_reg[1][31]_i_8_n_0
    SLICE_X122Y437       CARRY8 (Prop_CARRY8_SLICEM_CI_CO[7])
                                                      0.022     2.572 r  tree_reg[1][31]_i_5/CO[7]
                         net (fo=64, routed)          1.554     4.127    comparator_units[1].comparator_inst/parent_less_than_left
    SLICE_X119Y439       LUT6 (Prop_G6LUT_SLICEL_I1_O)
                                                      0.149     4.276 r  tree[1][22]_i_3/O
                         net (fo=1, routed)           0.053     4.329    new_parent[1][22]
    SLICE_X119Y439       LUT4 (Prop_C6LUT_SLICEL_I3_O)
                                                      0.123     4.452 r  tree[1][22]_i_1/O
                         net (fo=1, routed)           0.050     4.502    tree[1][22]_i_1_n_0
    SLICE_X119Y439       FDRE                                         r  tree_reg[1][22]/D
  -------------------------------------------------------------------    -------------------





Min Delay Paths
--------------------------------------------------------------------------------------
Slack:                    inf
  Source:                 tree_reg[12][5]/C
                            (rising edge-triggered cell FDRE)
  Destination:            tree_reg[12][5]/D
  Path Group:             (none)
  Path Type:              Min at Fast Process Corner
  Data Path Delay:        0.096ns  (logic 0.054ns (56.436%)  route 0.042ns (43.564%))
  Logic Levels:           2  (FDRE=1 LUT5=1)

    Location             Delay type                Incr(ns)  Path(ns)    Netlist Resource(s)
  -------------------------------------------------------------------    -------------------
    SLICE_X108Y431       FDRE                         0.000     0.000 r  tree_reg[12][5]/C
    SLICE_X108Y431       FDRE (Prop_BFF_SLICEL_C_Q)
                                                      0.039     0.039 r  tree_reg[12][5]/Q
                         net (fo=6, routed)           0.027     0.066    tree_reg_n_0_[12][5]
    SLICE_X108Y431       LUT5 (Prop_B6LUT_SLICEL_I1_O)
                                                      0.015     0.081 r  tree[12][5]_i_1/O
                         net (fo=1, routed)           0.015     0.096    tree[12][5]_i_1_n_0
    SLICE_X108Y431       FDRE                                         r  tree_reg[12][5]/D
  -------------------------------------------------------------------    -------------------

Slack:                    inf
  Source:                 tree_reg[11][13]/C
                            (rising edge-triggered cell FDRE)
  Destination:            tree_reg[11][13]/D
  Path Group:             (none)
  Path Type:              Min at Fast Process Corner
  Data Path Delay:        0.098ns  (logic 0.053ns (54.342%)  route 0.045ns (45.658%))
  Logic Levels:           2  (FDRE=1 LUT5=1)

    Location             Delay type                Incr(ns)  Path(ns)    Netlist Resource(s)
  -------------------------------------------------------------------    -------------------
    SLICE_X110Y428       FDRE                         0.000     0.000 r  tree_reg[11][13]/C
    SLICE_X110Y428       FDRE (Prop_DFF_SLICEL_C_Q)
                                                      0.039     0.039 r  tree_reg[11][13]/Q
                         net (fo=6, routed)           0.029     0.068    tree_reg_n_0_[11][13]
    SLICE_X110Y428       LUT5 (Prop_D6LUT_SLICEL_I1_O)
                                                      0.014     0.082 r  tree[11][13]_i_1/O
                         net (fo=1, routed)           0.016     0.098    tree[11][13]_i_1_n_0
    SLICE_X110Y428       FDRE                                         r  tree_reg[11][13]/D
  -------------------------------------------------------------------    -------------------

Slack:                    inf
  Source:                 tree_reg[11][20]/C
                            (rising edge-triggered cell FDRE)
  Destination:            tree_reg[11][20]/D
  Path Group:             (none)
  Path Type:              Min at Fast Process Corner
  Data Path Delay:        0.098ns  (logic 0.053ns (54.342%)  route 0.045ns (45.658%))
  Logic Levels:           2  (FDRE=1 LUT5=1)

    Location             Delay type                Incr(ns)  Path(ns)    Netlist Resource(s)
  -------------------------------------------------------------------    -------------------
    SLICE_X110Y434       FDRE                         0.000     0.000 r  tree_reg[11][20]/C
    SLICE_X110Y434       FDRE (Prop_DFF_SLICEL_C_Q)
                                                      0.039     0.039 r  tree_reg[11][20]/Q
                         net (fo=6, routed)           0.029     0.068    tree_reg_n_0_[11][20]
    SLICE_X110Y434       LUT5 (Prop_D6LUT_SLICEL_I1_O)
                                                      0.014     0.082 r  tree[11][20]_i_1/O
                         net (fo=1, routed)           0.016     0.098    tree[11][20]_i_1_n_0
    SLICE_X110Y434       FDRE                                         r  tree_reg[11][20]/D
  -------------------------------------------------------------------    -------------------

Slack:                    inf
  Source:                 tree_reg[13][3]/C
                            (rising edge-triggered cell FDRE)
  Destination:            tree_reg[13][3]/D
  Path Group:             (none)
  Path Type:              Min at Fast Process Corner
  Data Path Delay:        0.098ns  (logic 0.053ns (54.342%)  route 0.045ns (45.658%))
  Logic Levels:           2  (FDRE=1 LUT5=1)

    Location             Delay type                Incr(ns)  Path(ns)    Netlist Resource(s)
  -------------------------------------------------------------------    -------------------
    SLICE_X113Y428       FDRE                         0.000     0.000 r  tree_reg[13][3]/C
    SLICE_X113Y428       FDRE (Prop_DFF_SLICEL_C_Q)
                                                      0.039     0.039 r  tree_reg[13][3]/Q
                         net (fo=6, routed)           0.029     0.068    tree_reg_n_0_[13][3]
    SLICE_X113Y428       LUT5 (Prop_D6LUT_SLICEL_I0_O)
                                                      0.014     0.082 r  tree[13][3]_i_1/O
                         net (fo=1, routed)           0.016     0.098    tree[13][3]_i_1_n_0
    SLICE_X113Y428       FDRE                                         r  tree_reg[13][3]/D
  -------------------------------------------------------------------    -------------------

Slack:                    inf
  Source:                 tree_reg[12][2]/C
                            (rising edge-triggered cell FDRE)
  Destination:            tree_reg[12][2]/D
  Path Group:             (none)
  Path Type:              Min at Fast Process Corner
  Data Path Delay:        0.098ns  (logic 0.053ns (54.257%)  route 0.045ns (45.743%))
  Logic Levels:           2  (FDRE=1 LUT5=1)

    Location             Delay type                Incr(ns)  Path(ns)    Netlist Resource(s)
  -------------------------------------------------------------------    -------------------
    SLICE_X108Y431       FDRE                         0.000     0.000 r  tree_reg[12][2]/C
    SLICE_X108Y431       FDRE (Prop_CFF_SLICEL_C_Q)
                                                      0.039     0.039 r  tree_reg[12][2]/Q
                         net (fo=6, routed)           0.028     0.067    tree_reg_n_0_[12][2]
    SLICE_X108Y431       LUT5 (Prop_C6LUT_SLICEL_I1_O)
                                                      0.014     0.081 r  tree[12][2]_i_1/O
                         net (fo=1, routed)           0.017     0.098    tree[12][2]_i_1_n_0
    SLICE_X108Y431       FDRE                                         r  tree_reg[12][2]/D
  -------------------------------------------------------------------    -------------------

Slack:                    inf
  Source:                 tree_reg[9][4]/C
                            (rising edge-triggered cell FDRE)
  Destination:            tree_reg[9][4]/D
  Path Group:             (none)
  Path Type:              Min at Fast Process Corner
  Data Path Delay:        0.098ns  (logic 0.054ns (55.281%)  route 0.044ns (44.719%))
  Logic Levels:           2  (FDRE=1 LUT5=1)

    Location             Delay type                Incr(ns)  Path(ns)    Netlist Resource(s)
  -------------------------------------------------------------------    -------------------
    SLICE_X120Y429       FDRE                         0.000     0.000 r  tree_reg[9][4]/C
    SLICE_X120Y429       FDRE (Prop_HFF_SLICEL_C_Q)
                                                      0.039     0.039 r  tree_reg[9][4]/Q
                         net (fo=6, routed)           0.027     0.066    tree_reg_n_0_[9][4]
    SLICE_X120Y429       LUT5 (Prop_H6LUT_SLICEL_I1_O)
                                                      0.015     0.081 r  tree[9][4]_i_1/O
                         net (fo=1, routed)           0.017     0.098    tree[9][4]_i_1_n_0
    SLICE_X120Y429       FDRE                                         r  tree_reg[9][4]/D
  -------------------------------------------------------------------    -------------------

Slack:                    inf
  Source:                 tree_reg[9][7]/C
                            (rising edge-triggered cell FDRE)
  Destination:            tree_reg[9][7]/D
  Path Group:             (none)
  Path Type:              Min at Fast Process Corner
  Data Path Delay:        0.098ns  (logic 0.053ns (54.257%)  route 0.045ns (45.743%))
  Logic Levels:           2  (FDRE=1 LUT5=1)

    Location             Delay type                Incr(ns)  Path(ns)    Netlist Resource(s)
  -------------------------------------------------------------------    -------------------
    SLICE_X120Y440       FDRE                         0.000     0.000 r  tree_reg[9][7]/C
    SLICE_X120Y440       FDRE (Prop_CFF_SLICEL_C_Q)
                                                      0.039     0.039 r  tree_reg[9][7]/Q
                         net (fo=6, routed)           0.028     0.067    tree_reg_n_0_[9][7]
    SLICE_X120Y440       LUT5 (Prop_C6LUT_SLICEL_I1_O)
                                                      0.014     0.081 r  tree[9][7]_i_1/O
                         net (fo=1, routed)           0.017     0.098    tree[9][7]_i_1_n_0
    SLICE_X120Y440       FDRE                                         r  tree_reg[9][7]/D
  -------------------------------------------------------------------    -------------------

Slack:                    inf
  Source:                 tree_reg[10][28]/C
                            (rising edge-triggered cell FDRE)
  Destination:            tree_reg[10][28]/D
  Path Group:             (none)
  Path Type:              Min at Fast Process Corner
  Data Path Delay:        0.098ns  (logic 0.053ns (54.206%)  route 0.045ns (45.794%))
  Logic Levels:           2  (FDRE=1 LUT5=1)

    Location             Delay type                Incr(ns)  Path(ns)    Netlist Resource(s)
  -------------------------------------------------------------------    -------------------
    SLICE_X119Y438       FDRE                         0.000     0.000 r  tree_reg[10][28]/C
    SLICE_X119Y438       FDRE (Prop_DFF_SLICEL_C_Q)
                                                      0.039     0.039 r  tree_reg[10][28]/Q
                         net (fo=6, routed)           0.029     0.068    tree_reg_n_0_[10][28]
    SLICE_X119Y438       LUT5 (Prop_D6LUT_SLICEL_I1_O)
                                                      0.014     0.082 r  tree[10][28]_i_1/O
                         net (fo=1, routed)           0.016     0.098    tree[10][28]_i_1_n_0
    SLICE_X119Y438       FDRE                                         r  tree_reg[10][28]/D
  -------------------------------------------------------------------    -------------------

Slack:                    inf
  Source:                 tree_reg[10][8]/C
                            (rising edge-triggered cell FDRE)
  Destination:            tree_reg[10][8]/D
  Path Group:             (none)
  Path Type:              Min at Fast Process Corner
  Data Path Delay:        0.098ns  (logic 0.053ns (54.206%)  route 0.045ns (45.794%))
  Logic Levels:           2  (FDRE=1 LUT5=1)

    Location             Delay type                Incr(ns)  Path(ns)    Netlist Resource(s)
  -------------------------------------------------------------------    -------------------
    SLICE_X119Y434       FDRE                         0.000     0.000 r  tree_reg[10][8]/C
    SLICE_X119Y434       FDRE (Prop_DFF_SLICEL_C_Q)
                                                      0.039     0.039 r  tree_reg[10][8]/Q
                         net (fo=6, routed)           0.029     0.068    tree_reg_n_0_[10][8]
    SLICE_X119Y434       LUT5 (Prop_D6LUT_SLICEL_I1_O)
                                                      0.014     0.082 r  tree[10][8]_i_1/O
                         net (fo=1, routed)           0.016     0.098    tree[10][8]_i_1_n_0
    SLICE_X119Y434       FDRE                                         r  tree_reg[10][8]/D
  -------------------------------------------------------------------    -------------------

Slack:                    inf
  Source:                 tree_reg[11][22]/C
                            (rising edge-triggered cell FDRE)
  Destination:            tree_reg[11][22]/D
  Path Group:             (none)
  Path Type:              Min at Fast Process Corner
  Data Path Delay:        0.098ns  (logic 0.053ns (54.206%)  route 0.045ns (45.794%))
  Logic Levels:           2  (FDRE=1 LUT5=1)

    Location             Delay type                Incr(ns)  Path(ns)    Netlist Resource(s)
  -------------------------------------------------------------------    -------------------
    SLICE_X108Y435       FDRE                         0.000     0.000 r  tree_reg[11][22]/C
    SLICE_X108Y435       FDRE (Prop_DFF_SLICEL_C_Q)
                                                      0.039     0.039 r  tree_reg[11][22]/Q
                         net (fo=6, routed)           0.029     0.068    tree_reg_n_0_[11][22]
    SLICE_X108Y435       LUT5 (Prop_D6LUT_SLICEL_I1_O)
                                                      0.014     0.082 r  tree[11][22]_i_1/O
                         net (fo=1, routed)           0.016     0.098    tree[11][22]_i_1_n_0
    SLICE_X108Y435       FDRE                                         r  tree_reg[11][22]/D
  -------------------------------------------------------------------    -------------------





