Copyright 1986-2022 Xilinx, Inc. All Rights Reserved. Copyright 2022-2024 Advanced Micro Devices, Inc. All Rights Reserved.
-------------------------------------------------------------------------------------------------------------------------------------------------------------
| Tool Version     : Vivado v.2024.1 (lin64) Build 5076996 Wed May 22 18:36:09 MDT 2024
| Date             : Tue Sep  3 15:06:17 2024
| Host             : Charlie-ThinkPad-P53 running 64-bit Ubuntu 24.04.1 LTS
| Command          : report_power -file register_tree_power_routed.rpt -pb register_tree_power_summary_routed.pb -rpx register_tree_power_routed.rpx
| Design           : register_tree
| Device           : xcu250-figd2104-2L-e
| Design State     : routed
| Grade            : extended
| Process          : typical
| Characterization : Production
-------------------------------------------------------------------------------------------------------------------------------------------------------------

Power Report

Table of Contents
-----------------
1. Summary
1.1 On-Chip Components
1.2 Power Supply Summary
1.3 Confidence Level
2. Settings
2.1 Environment
2.2 Clock Constraints
3. Detailed Reports
3.1 By Hierarchy

1. Summary
----------

+--------------------------+--------------+
| Total On-Chip Power (W)  | 11.158       |
| Design Power Budget (W)  | Unspecified* |
| Power Budget Margin (W)  | NA           |
| Dynamic (W)              | 8.050        |
| Device Static (W)        | 3.107        |
| Effective TJA (C/W)      | 0.5          |
| Max Ambient (C)          | 94.2         |
| Junction Temperature (C) | 30.8         |
| Confidence Level         | Low          |
| Setting File             | ---          |
| Simulation Activity File | ---          |
| Design Nets Matched      | NA           |
+--------------------------+--------------+
* Specify Design Power Budget using, set_operating_conditions -design_power_budget <value in Watts>


1.1 On-Chip Components
----------------------

+----------------+-----------+----------+-----------+-----------------+
| On-Chip        | Power (W) | Used     | Available | Utilization (%) |
+----------------+-----------+----------+-----------+-----------------+
| Clocks         |     0.561 |        3 |       --- |             --- |
| CLB Logic      |     4.013 |   151400 |       --- |             --- |
|   LUT as Logic |     3.839 |    81762 |   1728000 |            4.73 |
|   Register     |     0.093 |    32843 |   3456000 |            0.95 |
|   CARRY8       |     0.081 |     3066 |    216000 |            1.42 |
|   Others       |     0.000 |     1025 |       --- |             --- |
| Signals        |     3.435 |    68616 |       --- |             --- |
| I/O            |     0.042 |       66 |       676 |            9.76 |
| Static Power   |     3.107 |          |           |                 |
| Total          |    11.158 |          |           |                 |
+----------------+-----------+----------+-----------+-----------------+


1.2 Power Supply Summary
------------------------

+------------+-------------+-----------+-------------+------------+-------------+-------------+------------+
| Source     | Voltage (V) | Total (A) | Dynamic (A) | Static (A) | Powerup (A) | Budget (A)  | Margin (A) |
+------------+-------------+-----------+-------------+------------+-------------+-------------+------------+
| Vccint     |       0.850 |    10.775 |       9.422 |      1.353 |       NA    | Unspecified | NA         |
| Vccint_io  |       0.850 |     0.147 |       0.002 |      0.145 |       NA    | Unspecified | NA         |
| Vccbram    |       0.850 |     0.024 |       0.000 |      0.024 |       NA    | Unspecified | NA         |
| Vccaux     |       1.800 |     0.872 |       0.000 |      0.872 |       NA    | Unspecified | NA         |
| Vccaux_io  |       1.800 |     0.113 |       0.009 |      0.104 |       NA    | Unspecified | NA         |
| Vcco33     |       3.300 |     0.000 |       0.000 |      0.000 |       NA    | Unspecified | NA         |
| Vcco25     |       2.500 |     0.000 |       0.000 |      0.000 |       NA    | Unspecified | NA         |
| Vcco18     |       1.800 |     0.013 |       0.013 |      0.000 |       NA    | Unspecified | NA         |
| Vcco15     |       1.500 |     0.000 |       0.000 |      0.000 |       NA    | Unspecified | NA         |
| Vcco135    |       1.350 |     0.000 |       0.000 |      0.000 |       NA    | Unspecified | NA         |
| Vcco12     |       1.200 |     0.000 |       0.000 |      0.000 |       NA    | Unspecified | NA         |
| Vcco10     |       1.000 |     0.000 |       0.000 |      0.000 |       NA    | Unspecified | NA         |
| Vccadc     |       1.800 |     0.032 |       0.000 |      0.032 |       NA    | Unspecified | NA         |
| MGTYAVcc   |       0.900 |     0.000 |       0.000 |      0.000 |       NA    | Unspecified | NA         |
| MGTYAVtt   |       1.200 |     0.000 |       0.000 |      0.000 |       NA    | Unspecified | NA         |
| MGTYVccaux |       1.800 |     0.000 |       0.000 |      0.000 |       NA    | Unspecified | NA         |
+------------+-------------+-----------+-------------+------------+-------------+-------------+------------+


1.3 Confidence Level
--------------------

+-----------------------------+------------+--------------------------------------------------------+------------------------------------------------------------------------------------------------------------+
| User Input Data             | Confidence | Details                                                | Action                                                                                                     |
+-----------------------------+------------+--------------------------------------------------------+------------------------------------------------------------------------------------------------------------+
| Design implementation state | High       | Design is routed                                       |                                                                                                            |
| Clock nodes activity        | High       | User specified more than 95% of clocks                 |                                                                                                            |
| I/O nodes activity          | Low        | More than 75% of inputs are missing user specification | Provide missing input activity with simulation results or by editing the "By Resource Type -> I/Os" view   |
| Internal nodes activity     | Medium     | User specified less than 25% of internal nodes         | Provide missing internal nodes activity with simulation results or by editing the "By Resource Type" views |
| Device models               | High       | Device models are Production                           |                                                                                                            |
|                             |            |                                                        |                                                                                                            |
| Overall confidence level    | Low        |                                                        |                                                                                                            |
+-----------------------------+------------+--------------------------------------------------------+------------------------------------------------------------------------------------------------------------+


2. Settings
-----------

2.1 Environment
---------------

+-----------------------+--------------------------+
| Ambient Temp (C)      | 25.0                     |
| ThetaJA (C/W)         | 0.5                      |
| Airflow (LFM)         | 250                      |
| Heat Sink             | medium (Medium Profile)  |
| ThetaSA (C/W)         | 0.7                      |
| Board Selection       | medium (10"x10")         |
| # of Board Layers     | 12to15 (12 to 15 Layers) |
| Board Temperature (C) | 25.0                     |
+-----------------------+--------------------------+


2.2 Clock Constraints
---------------------

+---------+--------+-----------------+
| Clock   | Domain | Constraint (ns) |
+---------+--------+-----------------+
| sys_clk | clk    |             2.5 |
+---------+--------+-----------------+


3. Detailed Reports
-------------------

3.1 By Hierarchy
----------------

+-----------------------------------------+-----------+
| Name                                    | Power (W) |
+-----------------------------------------+-----------+
| register_tree                           |     8.050 |
|   comparator_units[0].comparator_inst   |     0.010 |
|   comparator_units[100].comparator_inst |     0.010 |
|   comparator_units[101].comparator_inst |     0.010 |
|   comparator_units[102].comparator_inst |     0.011 |
|   comparator_units[103].comparator_inst |     0.010 |
|   comparator_units[104].comparator_inst |     0.010 |
|   comparator_units[105].comparator_inst |     0.011 |
|   comparator_units[106].comparator_inst |     0.011 |
|   comparator_units[107].comparator_inst |     0.011 |
|   comparator_units[108].comparator_inst |     0.010 |
|   comparator_units[109].comparator_inst |     0.010 |
|   comparator_units[10].comparator_inst  |     0.011 |
|   comparator_units[110].comparator_inst |     0.010 |
|   comparator_units[111].comparator_inst |     0.010 |
|   comparator_units[112].comparator_inst |     0.010 |
|   comparator_units[113].comparator_inst |     0.011 |
|   comparator_units[114].comparator_inst |     0.010 |
|   comparator_units[115].comparator_inst |     0.010 |
|   comparator_units[116].comparator_inst |     0.010 |
|   comparator_units[117].comparator_inst |     0.010 |
|   comparator_units[118].comparator_inst |     0.010 |
|   comparator_units[119].comparator_inst |     0.011 |
|   comparator_units[11].comparator_inst  |     0.011 |
|   comparator_units[120].comparator_inst |     0.011 |
|   comparator_units[121].comparator_inst |     0.011 |
|   comparator_units[122].comparator_inst |     0.010 |
|   comparator_units[123].comparator_inst |     0.011 |
|   comparator_units[124].comparator_inst |     0.010 |
|   comparator_units[125].comparator_inst |     0.010 |
|   comparator_units[126].comparator_inst |     0.010 |
|   comparator_units[127].comparator_inst |     0.010 |
|   comparator_units[128].comparator_inst |     0.011 |
|   comparator_units[129].comparator_inst |     0.011 |
|   comparator_units[12].comparator_inst  |     0.012 |
|   comparator_units[130].comparator_inst |     0.010 |
|   comparator_units[131].comparator_inst |     0.011 |
|   comparator_units[132].comparator_inst |     0.010 |
|   comparator_units[133].comparator_inst |     0.010 |
|   comparator_units[134].comparator_inst |     0.012 |
|   comparator_units[135].comparator_inst |     0.010 |
|   comparator_units[136].comparator_inst |     0.010 |
|   comparator_units[137].comparator_inst |     0.010 |
|   comparator_units[138].comparator_inst |     0.010 |
|   comparator_units[139].comparator_inst |     0.011 |
|   comparator_units[13].comparator_inst  |     0.012 |
|   comparator_units[140].comparator_inst |     0.010 |
|   comparator_units[141].comparator_inst |     0.010 |
|   comparator_units[142].comparator_inst |     0.010 |
|   comparator_units[143].comparator_inst |     0.010 |
|   comparator_units[144].comparator_inst |     0.011 |
|   comparator_units[145].comparator_inst |     0.012 |
|   comparator_units[146].comparator_inst |     0.010 |
|   comparator_units[147].comparator_inst |     0.010 |
|   comparator_units[148].comparator_inst |     0.011 |
|   comparator_units[149].comparator_inst |     0.010 |
|   comparator_units[14].comparator_inst  |     0.011 |
|   comparator_units[150].comparator_inst |     0.012 |
|   comparator_units[151].comparator_inst |     0.010 |
|   comparator_units[152].comparator_inst |     0.010 |
|   comparator_units[153].comparator_inst |     0.010 |
|   comparator_units[154].comparator_inst |     0.010 |
|   comparator_units[155].comparator_inst |     0.010 |
|   comparator_units[156].comparator_inst |     0.010 |
|   comparator_units[157].comparator_inst |     0.010 |
|   comparator_units[158].comparator_inst |     0.010 |
|   comparator_units[159].comparator_inst |     0.011 |
|   comparator_units[15].comparator_inst  |     0.011 |
|   comparator_units[160].comparator_inst |     0.010 |
|   comparator_units[161].comparator_inst |     0.010 |
|   comparator_units[162].comparator_inst |     0.011 |
|   comparator_units[163].comparator_inst |     0.011 |
|   comparator_units[164].comparator_inst |     0.010 |
|   comparator_units[165].comparator_inst |     0.010 |
|   comparator_units[166].comparator_inst |     0.010 |
|   comparator_units[167].comparator_inst |     0.010 |
|   comparator_units[168].comparator_inst |     0.011 |
|   comparator_units[169].comparator_inst |     0.010 |
|   comparator_units[16].comparator_inst  |     0.011 |
|   comparator_units[170].comparator_inst |     0.010 |
|   comparator_units[171].comparator_inst |     0.011 |
|   comparator_units[172].comparator_inst |     0.010 |
|   comparator_units[173].comparator_inst |     0.010 |
|   comparator_units[174].comparator_inst |     0.011 |
|   comparator_units[175].comparator_inst |     0.010 |
|   comparator_units[176].comparator_inst |     0.010 |
|   comparator_units[177].comparator_inst |     0.011 |
|   comparator_units[178].comparator_inst |     0.010 |
|   comparator_units[179].comparator_inst |     0.010 |
|   comparator_units[17].comparator_inst  |     0.010 |
|   comparator_units[180].comparator_inst |     0.010 |
|   comparator_units[181].comparator_inst |     0.010 |
|   comparator_units[182].comparator_inst |     0.010 |
|   comparator_units[183].comparator_inst |     0.010 |
|   comparator_units[184].comparator_inst |     0.010 |
|   comparator_units[185].comparator_inst |     0.010 |
|   comparator_units[186].comparator_inst |     0.010 |
|   comparator_units[187].comparator_inst |     0.010 |
|   comparator_units[188].comparator_inst |     0.010 |
|   comparator_units[189].comparator_inst |     0.010 |
|   comparator_units[18].comparator_inst  |     0.010 |
|   comparator_units[190].comparator_inst |     0.011 |
|   comparator_units[191].comparator_inst |     0.010 |
|   comparator_units[192].comparator_inst |     0.010 |
|   comparator_units[193].comparator_inst |     0.010 |
|   comparator_units[194].comparator_inst |     0.010 |
|   comparator_units[195].comparator_inst |     0.010 |
|   comparator_units[196].comparator_inst |     0.010 |
|   comparator_units[197].comparator_inst |     0.010 |
|   comparator_units[198].comparator_inst |     0.010 |
|   comparator_units[199].comparator_inst |     0.010 |
|   comparator_units[19].comparator_inst  |     0.011 |
|   comparator_units[1].comparator_inst   |     0.012 |
|   comparator_units[200].comparator_inst |     0.010 |
|   comparator_units[201].comparator_inst |     0.011 |
|   comparator_units[202].comparator_inst |     0.010 |
|   comparator_units[203].comparator_inst |     0.010 |
|   comparator_units[204].comparator_inst |     0.012 |
|   comparator_units[205].comparator_inst |     0.012 |
|   comparator_units[206].comparator_inst |     0.010 |
|   comparator_units[207].comparator_inst |     0.010 |
|   comparator_units[208].comparator_inst |     0.010 |
|   comparator_units[209].comparator_inst |     0.010 |
|   comparator_units[20].comparator_inst  |     0.011 |
|   comparator_units[210].comparator_inst |     0.010 |
|   comparator_units[211].comparator_inst |     0.011 |
|   comparator_units[212].comparator_inst |     0.011 |
|   comparator_units[213].comparator_inst |     0.011 |
|   comparator_units[214].comparator_inst |     0.011 |
|   comparator_units[215].comparator_inst |     0.010 |
|   comparator_units[216].comparator_inst |     0.011 |
|   comparator_units[217].comparator_inst |     0.011 |
|   comparator_units[218].comparator_inst |     0.011 |
|   comparator_units[219].comparator_inst |     0.010 |
|   comparator_units[21].comparator_inst  |     0.010 |
|   comparator_units[220].comparator_inst |     0.010 |
|   comparator_units[221].comparator_inst |     0.011 |
|   comparator_units[222].comparator_inst |     0.011 |
|   comparator_units[223].comparator_inst |     0.010 |
|   comparator_units[224].comparator_inst |     0.010 |
|   comparator_units[225].comparator_inst |     0.010 |
|   comparator_units[226].comparator_inst |     0.010 |
|   comparator_units[227].comparator_inst |     0.010 |
|   comparator_units[228].comparator_inst |     0.010 |
|   comparator_units[229].comparator_inst |     0.010 |
|   comparator_units[22].comparator_inst  |     0.010 |
|   comparator_units[230].comparator_inst |     0.010 |
|   comparator_units[231].comparator_inst |     0.010 |
|   comparator_units[232].comparator_inst |     0.010 |
|   comparator_units[233].comparator_inst |     0.010 |
|   comparator_units[234].comparator_inst |     0.010 |
|   comparator_units[235].comparator_inst |     0.010 |
|   comparator_units[236].comparator_inst |     0.010 |
|   comparator_units[237].comparator_inst |     0.010 |
|   comparator_units[238].comparator_inst |     0.010 |
|   comparator_units[239].comparator_inst |     0.011 |
|   comparator_units[23].comparator_inst  |     0.011 |
|   comparator_units[240].comparator_inst |     0.010 |
|   comparator_units[241].comparator_inst |     0.010 |
|   comparator_units[242].comparator_inst |     0.010 |
|   comparator_units[243].comparator_inst |     0.012 |
|   comparator_units[244].comparator_inst |     0.011 |
|   comparator_units[245].comparator_inst |     0.011 |
|   comparator_units[246].comparator_inst |     0.010 |
|   comparator_units[247].comparator_inst |     0.011 |
|   comparator_units[248].comparator_inst |     0.010 |
|   comparator_units[249].comparator_inst |     0.010 |
|   comparator_units[24].comparator_inst  |     0.012 |
|   comparator_units[250].comparator_inst |     0.010 |
|   comparator_units[251].comparator_inst |     0.010 |
|   comparator_units[252].comparator_inst |     0.010 |
|   comparator_units[253].comparator_inst |     0.010 |
|   comparator_units[254].comparator_inst |     0.010 |
|   comparator_units[255].comparator_inst |     0.005 |
|   comparator_units[256].comparator_inst |     0.005 |
|   comparator_units[257].comparator_inst |     0.005 |
|   comparator_units[258].comparator_inst |     0.005 |
|   comparator_units[259].comparator_inst |     0.005 |
|   comparator_units[25].comparator_inst  |     0.011 |
|   comparator_units[260].comparator_inst |     0.005 |
|   comparator_units[261].comparator_inst |     0.005 |
|   comparator_units[262].comparator_inst |     0.005 |
|   comparator_units[263].comparator_inst |     0.006 |
|   comparator_units[264].comparator_inst |     0.005 |
|   comparator_units[265].comparator_inst |     0.006 |
|   comparator_units[266].comparator_inst |     0.006 |
|   comparator_units[267].comparator_inst |     0.005 |
|   comparator_units[268].comparator_inst |     0.005 |
|   comparator_units[269].comparator_inst |     0.005 |
|   comparator_units[26].comparator_inst  |     0.010 |
|   comparator_units[270].comparator_inst |     0.005 |
|   comparator_units[271].comparator_inst |     0.005 |
|   comparator_units[272].comparator_inst |     0.005 |
|   comparator_units[273].comparator_inst |     0.005 |
|   comparator_units[274].comparator_inst |     0.005 |
|   comparator_units[275].comparator_inst |     0.005 |
|   comparator_units[276].comparator_inst |     0.005 |
|   comparator_units[277].comparator_inst |     0.005 |
|   comparator_units[278].comparator_inst |     0.005 |
|   comparator_units[279].comparator_inst |     0.005 |
|   comparator_units[27].comparator_inst  |     0.010 |
|   comparator_units[280].comparator_inst |     0.005 |
|   comparator_units[281].comparator_inst |     0.005 |
|   comparator_units[282].comparator_inst |     0.005 |
|   comparator_units[283].comparator_inst |     0.005 |
|   comparator_units[284].comparator_inst |     0.005 |
|   comparator_units[285].comparator_inst |     0.005 |
|   comparator_units[286].comparator_inst |     0.005 |
|   comparator_units[287].comparator_inst |     0.005 |
|   comparator_units[288].comparator_inst |     0.005 |
|   comparator_units[289].comparator_inst |     0.005 |
|   comparator_units[28].comparator_inst  |     0.012 |
|   comparator_units[290].comparator_inst |     0.005 |
|   comparator_units[291].comparator_inst |     0.005 |
|   comparator_units[292].comparator_inst |     0.005 |
|   comparator_units[293].comparator_inst |     0.005 |
|   comparator_units[294].comparator_inst |     0.005 |
|   comparator_units[295].comparator_inst |     0.006 |
|   comparator_units[296].comparator_inst |     0.006 |
|   comparator_units[297].comparator_inst |     0.006 |
|   comparator_units[298].comparator_inst |     0.006 |
|   comparator_units[299].comparator_inst |     0.006 |
|   comparator_units[29].comparator_inst  |     0.012 |
|   comparator_units[2].comparator_inst   |     0.012 |
|   comparator_units[300].comparator_inst |     0.006 |
|   comparator_units[301].comparator_inst |     0.006 |
|   comparator_units[302].comparator_inst |     0.006 |
|   comparator_units[303].comparator_inst |     0.005 |
|   comparator_units[304].comparator_inst |     0.006 |
|   comparator_units[305].comparator_inst |     0.005 |
|   comparator_units[306].comparator_inst |     0.005 |
|   comparator_units[307].comparator_inst |     0.005 |
|   comparator_units[308].comparator_inst |     0.005 |
|   comparator_units[309].comparator_inst |     0.005 |
|   comparator_units[30].comparator_inst  |     0.012 |
|   comparator_units[310].comparator_inst |     0.005 |
|   comparator_units[311].comparator_inst |     0.005 |
|   comparator_units[312].comparator_inst |     0.005 |
|   comparator_units[313].comparator_inst |     0.005 |
|   comparator_units[314].comparator_inst |     0.005 |
|   comparator_units[315].comparator_inst |     0.006 |
|   comparator_units[316].comparator_inst |     0.005 |
|   comparator_units[317].comparator_inst |     0.006 |
|   comparator_units[318].comparator_inst |     0.006 |
|   comparator_units[319].comparator_inst |     0.005 |
|   comparator_units[31].comparator_inst  |     0.010 |
|   comparator_units[320].comparator_inst |     0.005 |
|   comparator_units[321].comparator_inst |     0.005 |
|   comparator_units[322].comparator_inst |     0.005 |
|   comparator_units[323].comparator_inst |     0.005 |
|   comparator_units[324].comparator_inst |     0.005 |
|   comparator_units[325].comparator_inst |     0.006 |
|   comparator_units[326].comparator_inst |     0.006 |
|   comparator_units[327].comparator_inst |     0.005 |
|   comparator_units[328].comparator_inst |     0.005 |
|   comparator_units[329].comparator_inst |     0.005 |
|   comparator_units[32].comparator_inst  |     0.010 |
|   comparator_units[330].comparator_inst |     0.005 |
|   comparator_units[331].comparator_inst |     0.005 |
|   comparator_units[332].comparator_inst |     0.005 |
|   comparator_units[333].comparator_inst |     0.006 |
|   comparator_units[334].comparator_inst |     0.005 |
|   comparator_units[335].comparator_inst |     0.005 |
|   comparator_units[336].comparator_inst |     0.005 |
|   comparator_units[337].comparator_inst |     0.005 |
|   comparator_units[338].comparator_inst |     0.005 |
|   comparator_units[339].comparator_inst |     0.005 |
|   comparator_units[33].comparator_inst  |     0.010 |
|   comparator_units[340].comparator_inst |     0.005 |
|   comparator_units[341].comparator_inst |     0.005 |
|   comparator_units[342].comparator_inst |     0.005 |
|   comparator_units[343].comparator_inst |     0.005 |
|   comparator_units[344].comparator_inst |     0.005 |
|   comparator_units[345].comparator_inst |     0.006 |
|   comparator_units[346].comparator_inst |     0.006 |
|   comparator_units[347].comparator_inst |     0.005 |
|   comparator_units[348].comparator_inst |     0.005 |
|   comparator_units[349].comparator_inst |     0.005 |
|   comparator_units[34].comparator_inst  |     0.011 |
|   comparator_units[350].comparator_inst |     0.006 |
|   comparator_units[351].comparator_inst |     0.005 |
|   comparator_units[352].comparator_inst |     0.005 |
|   comparator_units[353].comparator_inst |     0.005 |
|   comparator_units[354].comparator_inst |     0.005 |
|   comparator_units[355].comparator_inst |     0.005 |
|   comparator_units[356].comparator_inst |     0.005 |
|   comparator_units[357].comparator_inst |     0.005 |
|   comparator_units[358].comparator_inst |     0.005 |
|   comparator_units[359].comparator_inst |     0.005 |
|   comparator_units[35].comparator_inst  |     0.011 |
|   comparator_units[360].comparator_inst |     0.005 |
|   comparator_units[361].comparator_inst |     0.006 |
|   comparator_units[362].comparator_inst |     0.005 |
|   comparator_units[363].comparator_inst |     0.005 |
|   comparator_units[364].comparator_inst |     0.005 |
|   comparator_units[365].comparator_inst |     0.005 |
|   comparator_units[366].comparator_inst |     0.005 |
|   comparator_units[367].comparator_inst |     0.005 |
|   comparator_units[368].comparator_inst |     0.005 |
|   comparator_units[369].comparator_inst |     0.005 |
|   comparator_units[36].comparator_inst  |     0.010 |
|   comparator_units[370].comparator_inst |     0.005 |
|   comparator_units[371].comparator_inst |     0.005 |
|   comparator_units[372].comparator_inst |     0.005 |
|   comparator_units[373].comparator_inst |     0.005 |
|   comparator_units[374].comparator_inst |     0.005 |
|   comparator_units[375].comparator_inst |     0.005 |
|   comparator_units[376].comparator_inst |     0.005 |
|   comparator_units[377].comparator_inst |     0.005 |
|   comparator_units[378].comparator_inst |     0.005 |
|   comparator_units[379].comparator_inst |     0.005 |
|   comparator_units[37].comparator_inst  |     0.010 |
|   comparator_units[380].comparator_inst |     0.005 |
|   comparator_units[381].comparator_inst |     0.005 |
|   comparator_units[382].comparator_inst |     0.005 |
|   comparator_units[383].comparator_inst |     0.005 |
|   comparator_units[384].comparator_inst |     0.005 |
|   comparator_units[385].comparator_inst |     0.005 |
|   comparator_units[386].comparator_inst |     0.005 |
|   comparator_units[387].comparator_inst |     0.005 |
|   comparator_units[388].comparator_inst |     0.005 |
|   comparator_units[389].comparator_inst |     0.005 |
|   comparator_units[38].comparator_inst  |     0.010 |
|   comparator_units[390].comparator_inst |     0.005 |
|   comparator_units[391].comparator_inst |     0.005 |
|   comparator_units[392].comparator_inst |     0.005 |
|   comparator_units[393].comparator_inst |     0.005 |
|   comparator_units[394].comparator_inst |     0.005 |
|   comparator_units[395].comparator_inst |     0.005 |
|   comparator_units[396].comparator_inst |     0.005 |
|   comparator_units[397].comparator_inst |     0.005 |
|   comparator_units[398].comparator_inst |     0.005 |
|   comparator_units[399].comparator_inst |     0.006 |
|   comparator_units[39].comparator_inst  |     0.011 |
|   comparator_units[3].comparator_inst   |     0.012 |
|   comparator_units[400].comparator_inst |     0.006 |
|   comparator_units[401].comparator_inst |     0.005 |
|   comparator_units[402].comparator_inst |     0.005 |
|   comparator_units[403].comparator_inst |     0.005 |
|   comparator_units[404].comparator_inst |     0.005 |
|   comparator_units[405].comparator_inst |     0.005 |
|   comparator_units[406].comparator_inst |     0.005 |
|   comparator_units[407].comparator_inst |     0.005 |
|   comparator_units[408].comparator_inst |     0.006 |
|   comparator_units[409].comparator_inst |     0.006 |
|   comparator_units[40].comparator_inst  |     0.010 |
|   comparator_units[410].comparator_inst |     0.006 |
|   comparator_units[411].comparator_inst |     0.006 |
|   comparator_units[412].comparator_inst |     0.006 |
|   comparator_units[413].comparator_inst |     0.005 |
|   comparator_units[414].comparator_inst |     0.006 |
|   comparator_units[415].comparator_inst |     0.005 |
|   comparator_units[416].comparator_inst |     0.006 |
|   comparator_units[417].comparator_inst |     0.006 |
|   comparator_units[418].comparator_inst |     0.005 |
|   comparator_units[419].comparator_inst |     0.006 |
|   comparator_units[41].comparator_inst  |     0.010 |
|   comparator_units[420].comparator_inst |     0.006 |
|   comparator_units[421].comparator_inst |     0.005 |
|   comparator_units[422].comparator_inst |     0.005 |
|   comparator_units[423].comparator_inst |     0.006 |
|   comparator_units[424].comparator_inst |     0.005 |
|   comparator_units[425].comparator_inst |     0.006 |
|   comparator_units[426].comparator_inst |     0.005 |
|   comparator_units[427].comparator_inst |     0.006 |
|   comparator_units[428].comparator_inst |     0.006 |
|   comparator_units[429].comparator_inst |     0.006 |
|   comparator_units[42].comparator_inst  |     0.010 |
|   comparator_units[430].comparator_inst |     0.006 |
|   comparator_units[431].comparator_inst |     0.005 |
|   comparator_units[432].comparator_inst |     0.005 |
|   comparator_units[433].comparator_inst |     0.005 |
|   comparator_units[434].comparator_inst |     0.005 |
|   comparator_units[435].comparator_inst |     0.006 |
|   comparator_units[436].comparator_inst |     0.006 |
|   comparator_units[437].comparator_inst |     0.005 |
|   comparator_units[438].comparator_inst |     0.005 |
|   comparator_units[439].comparator_inst |     0.005 |
|   comparator_units[43].comparator_inst  |     0.010 |
|   comparator_units[440].comparator_inst |     0.006 |
|   comparator_units[441].comparator_inst |     0.005 |
|   comparator_units[442].comparator_inst |     0.005 |
|   comparator_units[443].comparator_inst |     0.006 |
|   comparator_units[444].comparator_inst |     0.006 |
|   comparator_units[445].comparator_inst |     0.006 |
|   comparator_units[446].comparator_inst |     0.006 |
|   comparator_units[447].comparator_inst |     0.005 |
|   comparator_units[448].comparator_inst |     0.005 |
|   comparator_units[449].comparator_inst |     0.005 |
|   comparator_units[44].comparator_inst  |     0.010 |
|   comparator_units[450].comparator_inst |     0.005 |
|   comparator_units[451].comparator_inst |     0.005 |
|   comparator_units[452].comparator_inst |     0.005 |
|   comparator_units[453].comparator_inst |     0.005 |
|   comparator_units[454].comparator_inst |     0.005 |
|   comparator_units[455].comparator_inst |     0.005 |
|   comparator_units[456].comparator_inst |     0.005 |
|   comparator_units[457].comparator_inst |     0.005 |
|   comparator_units[458].comparator_inst |     0.005 |
|   comparator_units[459].comparator_inst |     0.005 |
|   comparator_units[45].comparator_inst  |     0.011 |
|   comparator_units[460].comparator_inst |     0.005 |
|   comparator_units[461].comparator_inst |     0.005 |
|   comparator_units[462].comparator_inst |     0.005 |
|   comparator_units[463].comparator_inst |     0.005 |
|   comparator_units[464].comparator_inst |     0.005 |
|   comparator_units[465].comparator_inst |     0.005 |
|   comparator_units[466].comparator_inst |     0.005 |
|   comparator_units[467].comparator_inst |     0.005 |
|   comparator_units[468].comparator_inst |     0.005 |
|   comparator_units[469].comparator_inst |     0.005 |
|   comparator_units[46].comparator_inst  |     0.010 |
|   comparator_units[470].comparator_inst |     0.005 |
|   comparator_units[471].comparator_inst |     0.005 |
|   comparator_units[472].comparator_inst |     0.005 |
|   comparator_units[473].comparator_inst |     0.005 |
|   comparator_units[474].comparator_inst |     0.005 |
|   comparator_units[475].comparator_inst |     0.005 |
|   comparator_units[476].comparator_inst |     0.005 |
|   comparator_units[477].comparator_inst |     0.005 |
|   comparator_units[478].comparator_inst |     0.005 |
|   comparator_units[479].comparator_inst |     0.005 |
|   comparator_units[47].comparator_inst  |     0.010 |
|   comparator_units[480].comparator_inst |     0.005 |
|   comparator_units[481].comparator_inst |     0.005 |
|   comparator_units[482].comparator_inst |     0.005 |
|   comparator_units[483].comparator_inst |     0.005 |
|   comparator_units[484].comparator_inst |     0.005 |
|   comparator_units[485].comparator_inst |     0.005 |
|   comparator_units[486].comparator_inst |     0.005 |
|   comparator_units[487].comparator_inst |     0.006 |
|   comparator_units[488].comparator_inst |     0.005 |
|   comparator_units[489].comparator_inst |     0.006 |
|   comparator_units[48].comparator_inst  |     0.010 |
|   comparator_units[490].comparator_inst |     0.005 |
|   comparator_units[491].comparator_inst |     0.005 |
|   comparator_units[492].comparator_inst |     0.006 |
|   comparator_units[493].comparator_inst |     0.006 |
|   comparator_units[494].comparator_inst |     0.005 |
|   comparator_units[495].comparator_inst |     0.005 |
|   comparator_units[496].comparator_inst |     0.005 |
|   comparator_units[497].comparator_inst |     0.005 |
|   comparator_units[498].comparator_inst |     0.005 |
|   comparator_units[499].comparator_inst |     0.005 |
|   comparator_units[49].comparator_inst  |     0.010 |
|   comparator_units[4].comparator_inst   |     0.013 |
|   comparator_units[500].comparator_inst |     0.005 |
|   comparator_units[501].comparator_inst |     0.005 |
|   comparator_units[502].comparator_inst |     0.005 |
|   comparator_units[503].comparator_inst |     0.005 |
|   comparator_units[504].comparator_inst |     0.005 |
|   comparator_units[505].comparator_inst |     0.005 |
|   comparator_units[506].comparator_inst |     0.005 |
|   comparator_units[507].comparator_inst |     0.005 |
|   comparator_units[508].comparator_inst |     0.005 |
|   comparator_units[509].comparator_inst |     0.005 |
|   comparator_units[50].comparator_inst  |     0.010 |
|   comparator_units[510].comparator_inst |     0.005 |
|   comparator_units[51].comparator_inst  |     0.011 |
|   comparator_units[52].comparator_inst  |     0.010 |
|   comparator_units[53].comparator_inst  |     0.010 |
|   comparator_units[54].comparator_inst  |     0.010 |
|   comparator_units[55].comparator_inst  |     0.010 |
|   comparator_units[56].comparator_inst  |     0.010 |
|   comparator_units[57].comparator_inst  |     0.011 |
|   comparator_units[58].comparator_inst  |     0.010 |
|   comparator_units[59].comparator_inst  |     0.010 |
|   comparator_units[5].comparator_inst   |     0.012 |
|   comparator_units[60].comparator_inst  |     0.010 |
|   comparator_units[61].comparator_inst  |     0.010 |
|   comparator_units[62].comparator_inst  |     0.011 |
|   comparator_units[63].comparator_inst  |     0.012 |
|   comparator_units[64].comparator_inst  |     0.010 |
|   comparator_units[65].comparator_inst  |     0.010 |
|   comparator_units[66].comparator_inst  |     0.011 |
|   comparator_units[67].comparator_inst  |     0.010 |
|   comparator_units[68].comparator_inst  |     0.010 |
|   comparator_units[69].comparator_inst  |     0.011 |
|   comparator_units[6].comparator_inst   |     0.010 |
|   comparator_units[70].comparator_inst  |     0.010 |
|   comparator_units[71].comparator_inst  |     0.011 |
|   comparator_units[72].comparator_inst  |     0.011 |
|   comparator_units[73].comparator_inst  |     0.010 |
|   comparator_units[74].comparator_inst  |     0.011 |
|   comparator_units[75].comparator_inst  |     0.010 |
|   comparator_units[76].comparator_inst  |     0.011 |
|   comparator_units[77].comparator_inst  |     0.011 |
|   comparator_units[78].comparator_inst  |     0.010 |
|   comparator_units[79].comparator_inst  |     0.010 |
|   comparator_units[7].comparator_inst   |     0.011 |
|   comparator_units[80].comparator_inst  |     0.010 |
|   comparator_units[81].comparator_inst  |     0.011 |
|   comparator_units[82].comparator_inst  |     0.010 |
|   comparator_units[83].comparator_inst  |     0.012 |
|   comparator_units[84].comparator_inst  |     0.011 |
|   comparator_units[85].comparator_inst  |     0.011 |
|   comparator_units[86].comparator_inst  |     0.010 |
|   comparator_units[87].comparator_inst  |     0.010 |
|   comparator_units[88].comparator_inst  |     0.010 |
|   comparator_units[89].comparator_inst  |     0.011 |
|   comparator_units[8].comparator_inst   |     0.011 |
|   comparator_units[90].comparator_inst  |     0.010 |
|   comparator_units[91].comparator_inst  |     0.011 |
|   comparator_units[92].comparator_inst  |     0.010 |
|   comparator_units[93].comparator_inst  |     0.011 |
|   comparator_units[94].comparator_inst  |     0.011 |
|   comparator_units[95].comparator_inst  |     0.010 |
|   comparator_units[96].comparator_inst  |     0.011 |
|   comparator_units[97].comparator_inst  |     0.010 |
|   comparator_units[98].comparator_inst  |     0.010 |
|   comparator_units[99].comparator_inst  |     0.010 |
|   comparator_units[9].comparator_inst   |     0.011 |
+-----------------------------------------+-----------+


