
*** Running vivado
    with args -log register_array.vds -m64 -product Vivado -mode batch -messageDb vivado.pb -notrace -source register_array.tcl


****** Vivado v2024.1 (64-bit)
  **** SW Build 5076996 on Wed May 22 18:36:09 MDT 2024
  **** IP Build 5075265 on Wed May 22 21:45:21 MDT 2024
  **** SharedData Build 5076995 on Wed May 22 18:29:18 MDT 2024
  **** Start of session at: Mon Sep  9 18:04:44 2024
    ** Copyright 1986-2022 Xilinx, Inc. All Rights Reserved.
    ** Copyright 2022-2024 Advanced Micro Devices, Inc. All Rights Reserved.

source register_array.tcl -notrace
Command: read_checkpoint -auto_incremental -incremental /home/charlie/Workspace/pq_research/hwpq_qw2246/register_array/vivado_register_array/vivado_register_array.srcs/utils_1/imports/synth_1/register_array.dcp
INFO: [Vivado 12-5825] Read reference checkpoint from /home/charlie/Workspace/pq_research/hwpq_qw2246/register_array/vivado_register_array/vivado_register_array.srcs/utils_1/imports/synth_1/register_array.dcp for incremental synthesis
INFO: [Vivado 12-7989] Please ensure there are no constraint changes
Command: synth_design -top register_array -part xcu250-figd2104-2L-e
Starting synth_design
Attempting to get a license for feature 'Synthesis' and/or device 'xcu250'
INFO: [Common 17-349] Got license for feature 'Synthesis' and/or device 'xcu250'
INFO: [Device 21-403] Loading part xcu250-figd2104-2L-e
INFO: [Designutils 20-5440] No compile time benefit to using incremental synthesis; A full resynthesis will be run
INFO: [Designutils 20-4379] Flow is switching to default flow due to incremental criteria not met. If you would like to alter this behaviour and have the flow terminate instead, please set the following parameter config_implementation {autoIncr.Synth.RejectBehavior Terminate}
INFO: [Synth 8-7079] Multithreading enabled for synth_design using a maximum of 4 processes.
INFO: [Synth 8-7078] Launching helper process for spawning children vivado processes
INFO: [Synth 8-7075] Helper process launched with PID 213396
---------------------------------------------------------------------------------
Starting RTL Elaboration : Time (s): cpu = 00:00:02 ; elapsed = 00:00:02 . Memory (MB): peak = 2981.367 ; gain = 404.715 ; free physical = 6704 ; free virtual = 17039
---------------------------------------------------------------------------------
INFO: [Synth 8-6157] synthesizing module 'register_array' [/home/charlie/Workspace/pq_research/hwpq_qw2246/register_array/register_array.sv:5]
WARNING: [Synth 8-324] index 3 out of range [/home/charlie/Workspace/pq_research/hwpq_qw2246/register_array/register_array.sv:33]
WARNING: [Synth 8-324] index 3 out of range [/home/charlie/Workspace/pq_research/hwpq_qw2246/register_array/register_array.sv:59]
INFO: [Synth 8-6155] done synthesizing module 'register_array' (0#1) [/home/charlie/Workspace/pq_research/hwpq_qw2246/register_array/register_array.sv:5]
---------------------------------------------------------------------------------
Finished RTL Elaboration : Time (s): cpu = 00:00:02 ; elapsed = 00:00:03 . Memory (MB): peak = 3058.336 ; gain = 481.684 ; free physical = 6626 ; free virtual = 16962
---------------------------------------------------------------------------------
---------------------------------------------------------------------------------
Start Handling Custom Attributes
---------------------------------------------------------------------------------
---------------------------------------------------------------------------------
Finished Handling Custom Attributes : Time (s): cpu = 00:00:03 ; elapsed = 00:00:03 . Memory (MB): peak = 3073.180 ; gain = 496.527 ; free physical = 6618 ; free virtual = 16954
---------------------------------------------------------------------------------
---------------------------------------------------------------------------------
Finished RTL Optimization Phase 1 : Time (s): cpu = 00:00:03 ; elapsed = 00:00:03 . Memory (MB): peak = 3073.180 ; gain = 496.527 ; free physical = 6618 ; free virtual = 16954
---------------------------------------------------------------------------------
Netlist sorting complete. Time (s): cpu = 00:00:00 ; elapsed = 00:00:00 . Memory (MB): peak = 3073.180 ; gain = 0.000 ; free physical = 6618 ; free virtual = 16954
INFO: [Project 1-570] Preparing netlist for logic optimization

Processing XDC Constraints
Initializing timing engine
Parsing XDC File [/home/charlie/Workspace/pq_research/hwpq_qw2246/register_array/register_tree_constraints.xdc]
Finished Parsing XDC File [/home/charlie/Workspace/pq_research/hwpq_qw2246/register_array/register_tree_constraints.xdc]
Completed Processing XDC Constraints

Netlist sorting complete. Time (s): cpu = 00:00:00 ; elapsed = 00:00:00 . Memory (MB): peak = 3216.797 ; gain = 0.000 ; free physical = 6573 ; free virtual = 16909
INFO: [Project 1-111] Unisim Transformation Summary:
No Unisim elements were transformed.

Constraint Validation Runtime : Time (s): cpu = 00:00:00.01 ; elapsed = 00:00:00.01 . Memory (MB): peak = 3216.797 ; gain = 0.000 ; free physical = 6573 ; free virtual = 16909
INFO: [Designutils 20-5440] No compile time benefit to using incremental synthesis; A full resynthesis will be run
INFO: [Designutils 20-4379] Flow is switching to default flow due to incremental criteria not met. If you would like to alter this behaviour and have the flow terminate instead, please set the following parameter config_implementation {autoIncr.Synth.RejectBehavior Terminate}
---------------------------------------------------------------------------------
Finished Constraint Validation : Time (s): cpu = 00:00:07 ; elapsed = 00:00:08 . Memory (MB): peak = 3216.797 ; gain = 640.145 ; free physical = 6570 ; free virtual = 16907
---------------------------------------------------------------------------------
---------------------------------------------------------------------------------
Start Loading Part and Timing Information
---------------------------------------------------------------------------------
Loading part: xcu250-figd2104-2L-e
INFO: [Synth 8-6742] Reading net delay rules and data
---------------------------------------------------------------------------------
Finished Loading Part and Timing Information : Time (s): cpu = 00:00:07 ; elapsed = 00:00:08 . Memory (MB): peak = 3224.801 ; gain = 648.148 ; free physical = 6570 ; free virtual = 16907
---------------------------------------------------------------------------------
---------------------------------------------------------------------------------
Start Applying 'set_property' XDC Constraints
---------------------------------------------------------------------------------
---------------------------------------------------------------------------------
Finished applying 'set_property' XDC Constraints : Time (s): cpu = 00:00:07 ; elapsed = 00:00:08 . Memory (MB): peak = 3224.801 ; gain = 648.148 ; free physical = 6570 ; free virtual = 16907
---------------------------------------------------------------------------------
---------------------------------------------------------------------------------
Finished RTL Optimization Phase 2 : Time (s): cpu = 00:00:08 ; elapsed = 00:00:08 . Memory (MB): peak = 3224.801 ; gain = 648.148 ; free physical = 6568 ; free virtual = 16906
---------------------------------------------------------------------------------
---------------------------------------------------------------------------------
Start RTL Component Statistics 
---------------------------------------------------------------------------------
Detailed RTL Component Info : 
+---Registers : 
	               32 Bit    Registers := 4     
+---Muxes : 
	   2 Input   32 Bit        Muxes := 15    
---------------------------------------------------------------------------------
Finished RTL Component Statistics 
---------------------------------------------------------------------------------
---------------------------------------------------------------------------------
Start Part Resource Summary
---------------------------------------------------------------------------------
Part Resources:
DSPs: 12288 (col length:96)
BRAMs: 5376 (col length: RAMB18 384 RAMB36 192)
---------------------------------------------------------------------------------
Finished Part Resource Summary
---------------------------------------------------------------------------------
---------------------------------------------------------------------------------
Start Cross Boundary and Area Optimization
---------------------------------------------------------------------------------
WARNING: [Synth 8-7080] Parallel synthesis criteria is not met
---------------------------------------------------------------------------------
Finished Cross Boundary and Area Optimization : Time (s): cpu = 00:00:09 ; elapsed = 00:00:09 . Memory (MB): peak = 3224.801 ; gain = 648.148 ; free physical = 6554 ; free virtual = 16896
---------------------------------------------------------------------------------
---------------------------------------------------------------------------------
Start Applying XDC Timing Constraints
---------------------------------------------------------------------------------
---------------------------------------------------------------------------------
Finished Applying XDC Timing Constraints : Time (s): cpu = 00:00:12 ; elapsed = 00:00:12 . Memory (MB): peak = 3474.348 ; gain = 897.695 ; free physical = 6311 ; free virtual = 16652
---------------------------------------------------------------------------------
---------------------------------------------------------------------------------
Start Timing Optimization
---------------------------------------------------------------------------------
---------------------------------------------------------------------------------
Finished Timing Optimization : Time (s): cpu = 00:00:13 ; elapsed = 00:00:14 . Memory (MB): peak = 3518.379 ; gain = 941.727 ; free physical = 6269 ; free virtual = 16611
---------------------------------------------------------------------------------
---------------------------------------------------------------------------------
Start Technology Mapping
---------------------------------------------------------------------------------
---------------------------------------------------------------------------------
Finished Technology Mapping : Time (s): cpu = 00:00:13 ; elapsed = 00:00:14 . Memory (MB): peak = 3518.379 ; gain = 941.727 ; free physical = 6269 ; free virtual = 16611
---------------------------------------------------------------------------------
---------------------------------------------------------------------------------
Start IO Insertion
---------------------------------------------------------------------------------
---------------------------------------------------------------------------------
Start Flattening Before IO Insertion
---------------------------------------------------------------------------------
---------------------------------------------------------------------------------
Finished Flattening Before IO Insertion
---------------------------------------------------------------------------------
---------------------------------------------------------------------------------
Start Final Netlist Cleanup
---------------------------------------------------------------------------------
---------------------------------------------------------------------------------
Finished Final Netlist Cleanup
---------------------------------------------------------------------------------
---------------------------------------------------------------------------------
Finished IO Insertion : Time (s): cpu = 00:00:15 ; elapsed = 00:00:15 . Memory (MB): peak = 3524.316 ; gain = 947.664 ; free physical = 6241 ; free virtual = 16582
---------------------------------------------------------------------------------
---------------------------------------------------------------------------------
Start Renaming Generated Instances
---------------------------------------------------------------------------------
---------------------------------------------------------------------------------
Finished Renaming Generated Instances : Time (s): cpu = 00:00:15 ; elapsed = 00:00:15 . Memory (MB): peak = 3524.316 ; gain = 947.664 ; free physical = 6241 ; free virtual = 16582
---------------------------------------------------------------------------------
---------------------------------------------------------------------------------
Start Rebuilding User Hierarchy
---------------------------------------------------------------------------------
---------------------------------------------------------------------------------
Finished Rebuilding User Hierarchy : Time (s): cpu = 00:00:15 ; elapsed = 00:00:15 . Memory (MB): peak = 3524.316 ; gain = 947.664 ; free physical = 6241 ; free virtual = 16582
---------------------------------------------------------------------------------
---------------------------------------------------------------------------------
Start Renaming Generated Ports
---------------------------------------------------------------------------------
---------------------------------------------------------------------------------
Finished Renaming Generated Ports : Time (s): cpu = 00:00:15 ; elapsed = 00:00:15 . Memory (MB): peak = 3524.316 ; gain = 947.664 ; free physical = 6241 ; free virtual = 16582
---------------------------------------------------------------------------------
---------------------------------------------------------------------------------
Start Handling Custom Attributes
---------------------------------------------------------------------------------
---------------------------------------------------------------------------------
Finished Handling Custom Attributes : Time (s): cpu = 00:00:15 ; elapsed = 00:00:15 . Memory (MB): peak = 3524.316 ; gain = 947.664 ; free physical = 6240 ; free virtual = 16582
---------------------------------------------------------------------------------
---------------------------------------------------------------------------------
Start Renaming Generated Nets
---------------------------------------------------------------------------------
---------------------------------------------------------------------------------
Finished Renaming Generated Nets : Time (s): cpu = 00:00:15 ; elapsed = 00:00:15 . Memory (MB): peak = 3524.316 ; gain = 947.664 ; free physical = 6240 ; free virtual = 16582
---------------------------------------------------------------------------------
---------------------------------------------------------------------------------
Start Writing Synthesis Report
---------------------------------------------------------------------------------

Report BlackBoxes: 
+-+--------------+----------+
| |BlackBox name |Instances |
+-+--------------+----------+
+-+--------------+----------+

Report Cell Usage: 
+------+-------+------+
|      |Cell   |Count |
+------+-------+------+
|1     |BUFG   |     1|
|2     |CARRY8 |    12|
|3     |LUT3   |    32|
|4     |LUT4   |    64|
|5     |LUT5   |   128|
|6     |LUT6   |   128|
|7     |FDRE   |   128|
|8     |IBUF   |    34|
|9     |OBUF   |    32|
+------+-------+------+
---------------------------------------------------------------------------------
Finished Writing Synthesis Report : Time (s): cpu = 00:00:15 ; elapsed = 00:00:15 . Memory (MB): peak = 3524.316 ; gain = 947.664 ; free physical = 6240 ; free virtual = 16582
---------------------------------------------------------------------------------
Synthesis finished with 0 errors, 0 critical warnings and 1 warnings.
Synthesis Optimization Runtime : Time (s): cpu = 00:00:12 ; elapsed = 00:00:12 . Memory (MB): peak = 3524.316 ; gain = 804.047 ; free physical = 6239 ; free virtual = 16580
Synthesis Optimization Complete : Time (s): cpu = 00:00:15 ; elapsed = 00:00:15 . Memory (MB): peak = 3524.316 ; gain = 947.664 ; free physical = 6239 ; free virtual = 16580
INFO: [Project 1-571] Translating synthesized netlist
Netlist sorting complete. Time (s): cpu = 00:00:00 ; elapsed = 00:00:00 . Memory (MB): peak = 3524.316 ; gain = 0.000 ; free physical = 6515 ; free virtual = 16857
INFO: [Netlist 29-17] Analyzing 47 Unisim elements for replacement
INFO: [Netlist 29-28] Unisim Transformation completed in 0 CPU seconds
INFO: [Project 1-570] Preparing netlist for logic optimization
INFO: [Opt 31-138] Pushed 0 inverter(s) to 0 load pin(s).
Netlist sorting complete. Time (s): cpu = 00:00:00 ; elapsed = 00:00:00 . Memory (MB): peak = 3524.316 ; gain = 0.000 ; free physical = 6538 ; free virtual = 16879
INFO: [Project 1-111] Unisim Transformation Summary:
  A total of 35 instances were transformed.
  BUFG => BUFGCE: 1 instance 
  IBUF => IBUF (IBUFCTRL, INBUF): 34 instances

Synth Design complete | Checksum: 7bf5e75d
INFO: [Common 17-83] Releasing license: Synthesis
23 Infos, 3 Warnings, 0 Critical Warnings and 0 Errors encountered.
synth_design completed successfully
synth_design: Time (s): cpu = 00:00:22 ; elapsed = 00:00:20 . Memory (MB): peak = 3524.316 ; gain = 2108.094 ; free physical = 6538 ; free virtual = 16879
INFO: [Common 17-2834] synth_design peak Physical Memory [PSS] (MB): overall = 2894.119; main = 2828.678; forked = 446.710
INFO: [Common 17-2834] synth_design peak Virtual Memory [VSS] (MB): overall = 4290.457; main = 3484.742; forked = 1026.074
Write ShapeDB Complete: Time (s): cpu = 00:00:00 ; elapsed = 00:00:00 . Memory (MB): peak = 3524.316 ; gain = 0.000 ; free physical = 6538 ; free virtual = 16879
INFO: [Common 17-1381] The checkpoint '/home/charlie/Workspace/pq_research/hwpq_qw2246/register_array/vivado_register_array/vivado_register_array.runs/synth_1/register_array.dcp' has been generated.
INFO: [Vivado 12-24828] Executing command : report_utilization -file register_array_utilization_synth.rpt -pb register_array_utilization_synth.pb
INFO: [Common 17-206] Exiting Vivado at Mon Sep  9 18:05:09 2024...
