
*** Running vivado
    with args -log register_tree.vds -m64 -product Vivado -mode batch -messageDb vivado.pb -notrace -source register_tree.tcl


****** Vivado v2024.1 (64-bit)
  **** SW Build 5076996 on Wed May 22 18:36:09 MDT 2024
  **** IP Build 5075265 on Wed May 22 21:45:21 MDT 2024
  **** SharedData Build 5076995 on Wed May 22 18:29:18 MDT 2024
  **** Start of session at: Thu Sep 26 05:26:12 2024
    ** Copyright 1986-2022 Xilinx, Inc. All Rights Reserved.
    ** Copyright 2022-2024 Advanced Micro Devices, Inc. All Rights Reserved.

source register_tree.tcl -notrace
Command: read_checkpoint -auto_incremental -incremental /home/charlie/Workspace/pq_research/hwpq_qw2246/register_tree/vivado_register_tree_tcl/vivado_register_tree_tcl.srcs/utils_1/imports/synth_1/register_tree.dcp
INFO: [Vivado 12-5825] Read reference checkpoint from /home/charlie/Workspace/pq_research/hwpq_qw2246/register_tree/vivado_register_tree_tcl/vivado_register_tree_tcl.srcs/utils_1/imports/synth_1/register_tree.dcp for incremental synthesis
INFO: [Vivado 12-7989] Please ensure there are no constraint changes
Command: synth_design -top register_tree -part xcu250-figd2104-2L-e
Starting synth_design
Attempting to get a license for feature 'Synthesis' and/or device 'xcu250'
INFO: [Common 17-349] Got license for feature 'Synthesis' and/or device 'xcu250'
INFO: [Synth 8-7079] Multithreading enabled for synth_design using a maximum of 4 processes.
INFO: [Synth 8-7078] Launching helper process for spawning children vivado processes
INFO: [Synth 8-7075] Helper process launched with PID 3978673
---------------------------------------------------------------------------------
Starting Synthesize : Time (s): cpu = 00:00:02 ; elapsed = 00:00:02 . Memory (MB): peak = 1803.109 ; gain = 387.746 ; free physical = 9015 ; free virtual = 11615
---------------------------------------------------------------------------------
INFO: [Synth 8-6157] synthesizing module 'register_tree' [/home/charlie/Workspace/pq_research/hwpq_qw2246/register_tree/register_tree.sv:1]
INFO: [Synth 8-6157] synthesizing module 'comparator' [/home/charlie/Workspace/pq_research/hwpq_qw2246/register_tree/comparator.sv:1]
	Parameter DATA_WIDTH bound to: 32 - type: integer 
INFO: [Synth 8-6155] done synthesizing module 'comparator' (0#1) [/home/charlie/Workspace/pq_research/hwpq_qw2246/register_tree/comparator.sv:1]
INFO: [Synth 8-6155] done synthesizing module 'register_tree' (0#1) [/home/charlie/Workspace/pq_research/hwpq_qw2246/register_tree/register_tree.sv:1]
---------------------------------------------------------------------------------
Finished Synthesize : Time (s): cpu = 00:00:03 ; elapsed = 00:00:03 . Memory (MB): peak = 1973.078 ; gain = 557.715 ; free physical = 8817 ; free virtual = 11418
---------------------------------------------------------------------------------
---------------------------------------------------------------------------------
Finished Constraint Validation : Time (s): cpu = 00:00:03 ; elapsed = 00:00:04 . Memory (MB): peak = 1987.922 ; gain = 572.559 ; free physical = 8789 ; free virtual = 11391
---------------------------------------------------------------------------------
---------------------------------------------------------------------------------
Start Loading Part and Timing Information
---------------------------------------------------------------------------------
Loading part: xcu250-figd2104-2L-e
INFO: [Synth 8-6742] Reading net delay rules and data
INFO: [Device 21-403] Loading part xcu250-figd2104-2L-e
---------------------------------------------------------------------------------
Finished Loading Part and Timing Information : Time (s): cpu = 00:00:04 ; elapsed = 00:00:04 . Memory (MB): peak = 1995.926 ; gain = 580.562 ; free physical = 8789 ; free virtual = 11391
---------------------------------------------------------------------------------
---------------------------------------------------------------------------------
Start Preparing Guide Design
---------------------------------------------------------------------------------
---------------------------------------------------------------------------------
Finished Doing Graph Differ : Time (s): cpu = 00:00:05 ; elapsed = 00:00:04 . Memory (MB): peak = 2129.449 ; gain = 714.086 ; free physical = 8671 ; free virtual = 11275
---------------------------------------------------------------------------------
register_tree__GB4register_tree__GB3register_tree__GB8register_tree__GB11register_tree__GB2register_tree__GB0register_tree__GB12register_tree__GB19register_tree__GB13register_tree__GB7register_tree__GB14register_tree__GB18register_tree__GB15register_tree__GB20register_tree__GB6register_tree__GB17register_tree__GB9register_tree__GB21register_tree__GB1register_tree__GB5register_tree__GB10register_tree__GB16---------------------------------------------------------------------------------
Finished Preparing Guide Design : Time (s): cpu = 00:00:06 ; elapsed = 00:00:05 . Memory (MB): peak = 2324.270 ; gain = 908.906 ; free physical = 8457 ; free virtual = 11061
---------------------------------------------------------------------------------
---------------------------------------------------------------------------------
Finished RTL Optimization Phase 2 : Time (s): cpu = 00:00:06 ; elapsed = 00:00:05 . Memory (MB): peak = 2324.270 ; gain = 908.906 ; free physical = 8456 ; free virtual = 11060
---------------------------------------------------------------------------------
---------------------------------------------------------------------------------
Start Mimic Skeleton from Reference
---------------------------------------------------------------------------------
---------------------------------------------------------------------------------
Finished Mimic Skeleton from Reference : Time (s): cpu = 00:00:07 ; elapsed = 00:00:05 . Memory (MB): peak = 2324.270 ; gain = 908.906 ; free physical = 8456 ; free virtual = 11060
---------------------------------------------------------------------------------


Incremental Synthesis Report Summary:

1. Incremental synthesis run: yes

   Stitch points used : changed


2. Change Summary

Report Incremental Modules: 
+-+----------------+------------+----------+----------+
| |Changed Modules |Replication |Instances |Changed % |
+-+----------------+------------+----------+----------+
+-+----------------+------------+----------+----------+


   Full Design Size (number of cells) : 466066
   Resynthesis Design Size (number of cells) : 0
   Resynth % : 0.0000,  Reuse % : 100.0000

3. Reference Checkpoint Information

+---------------------------------------------------------------------------------------------------------------------------------------------------------------------------------+
| DCP Location:  | /home/charlie/Workspace/pq_research/hwpq_qw2246/register_tree/vivado_register_tree_tcl/vivado_register_tree_tcl.srcs/utils_1/imports/synth_1/register_tree.dcp |
+---------------------------------------------------------------------------------------------------------------------------------------------------------------------------------+


+--------------------------------+------------------------------+
|         DCP Information        |             Value            |
+--------------------------------+------------------------------+
| Vivado Version                 |                    v2024.1 |
| DCP State                      |                              |
+--------------------------------+------------------------------+



Report RTL Partitions: 
+------+----------------------------+------------+----------+
|      |RTL Partition               |Replication |Instances |
+------+----------------------------+------------+----------+
|1     |register_tree__GB0_#REUSE#  |           1|         0|
|2     |register_tree__GB1_#REUSE#  |           1|         0|
|3     |register_tree__GB2_#REUSE#  |           1|         0|
|4     |register_tree__GB3_#REUSE#  |           1|         0|
|5     |register_tree__GB4_#REUSE#  |           1|         0|
|6     |register_tree__GB5_#REUSE#  |           1|         0|
|7     |register_tree__GB6_#REUSE#  |           1|         0|
|8     |register_tree__GB7_#REUSE#  |           1|         0|
|9     |register_tree__GB8_#REUSE#  |           1|         0|
|10    |register_tree__GB9_#REUSE#  |           1|         0|
|11    |register_tree__GB10_#REUSE# |           1|         0|
|12    |register_tree__GB11_#REUSE# |           1|         0|
|13    |register_tree__GB12_#REUSE# |           1|         0|
|14    |register_tree__GB13_#REUSE# |           1|         0|
|15    |register_tree__GB14_#REUSE# |           1|         0|
|16    |register_tree__GB15_#REUSE# |           1|         0|
|17    |register_tree__GB16_#REUSE# |           1|         0|
|18    |register_tree__GB17_#REUSE# |           1|         0|
|19    |register_tree__GB18_#REUSE# |           1|         0|
|20    |register_tree__GB19_#REUSE# |           1|         0|
|21    |register_tree__GB20_#REUSE# |           1|         0|
|22    |register_tree__GB21_#REUSE# |           1|         0|
+------+----------------------------+------------+----------+
No constraint files found.
---------------------------------------------------------------------------------
Start RTL Component Statistics 
---------------------------------------------------------------------------------
Detailed RTL Component Info : 
---------------------------------------------------------------------------------
Finished RTL Component Statistics 
---------------------------------------------------------------------------------
---------------------------------------------------------------------------------
Start Part Resource Summary
---------------------------------------------------------------------------------
Part Resources:
DSPs: 12288 (col length:96)
BRAMs: 5376 (col length: RAMB18 384 RAMB36 192)
---------------------------------------------------------------------------------
Finished Part Resource Summary
---------------------------------------------------------------------------------
No constraint files found.
---------------------------------------------------------------------------------
Start Cross Boundary and Area Optimization
---------------------------------------------------------------------------------
WARNING: [Synth 8-7080] Parallel synthesis criteria is not met
WARNING: [Synth 8-7077] IncrSyn: subsequent runs will still be incremental as the reference run was parallel and that data is reused
---------------------------------------------------------------------------------
Finished Cross Boundary and Area Optimization : Time (s): cpu = 00:00:11 ; elapsed = 00:00:08 . Memory (MB): peak = 3035.145 ; gain = 1619.781 ; free physical = 7603 ; free virtual = 10283
---------------------------------------------------------------------------------
No constraint files found.
---------------------------------------------------------------------------------
Start Stitch Unchanged AreaOpt Partitions
---------------------------------------------------------------------------------
---------------------------------------------------------------------------------
Finished Stitch Unchanged AreaOpt Partitions : Time (s): cpu = 00:00:11 ; elapsed = 00:00:09 . Memory (MB): peak = 3094.145 ; gain = 1678.781 ; free physical = 7529 ; free virtual = 10209
---------------------------------------------------------------------------------
---------------------------------------------------------------------------------
Start Timing Optimization
---------------------------------------------------------------------------------
---------------------------------------------------------------------------------
Finished Timing Optimization : Time (s): cpu = 00:00:11 ; elapsed = 00:00:09 . Memory (MB): peak = 3104.715 ; gain = 1689.352 ; free physical = 7434 ; free virtual = 10187
---------------------------------------------------------------------------------
---------------------------------------------------------------------------------
Start Technology Mapping
---------------------------------------------------------------------------------
WARNING: [Synth 8-7080] Parallel synthesis criteria is not met
WARNING: [Synth 8-7077] IncrSyn: subsequent runs will still be incremental as the reference run was parallel and that data is reused
---------------------------------------------------------------------------------
Finished Technology Mapping : Time (s): cpu = 00:00:11 ; elapsed = 00:00:09 . Memory (MB): peak = 3112.723 ; gain = 1697.359 ; free physical = 7430 ; free virtual = 10183
---------------------------------------------------------------------------------
---------------------------------------------------------------------------------
Start Stitch Unchanged Partitions
---------------------------------------------------------------------------------
---------------------------------------------------------------------------------
Finished Stitch Unchanged Partitions : Time (s): cpu = 00:00:12 ; elapsed = 00:00:10 . Memory (MB): peak = 3112.723 ; gain = 1697.359 ; free physical = 7430 ; free virtual = 10182
---------------------------------------------------------------------------------
---------------------------------------------------------------------------------
Start IO Insertion
---------------------------------------------------------------------------------
---------------------------------------------------------------------------------
Start Flattening Before IO Insertion
---------------------------------------------------------------------------------
---------------------------------------------------------------------------------
Finished Flattening Before IO Insertion
---------------------------------------------------------------------------------
---------------------------------------------------------------------------------
Start Final Netlist Cleanup
---------------------------------------------------------------------------------
---------------------------------------------------------------------------------
Finished Final Netlist Cleanup
---------------------------------------------------------------------------------
---------------------------------------------------------------------------------
Finished IO Insertion : Time (s): cpu = 00:00:16 ; elapsed = 00:00:14 . Memory (MB): peak = 3170.105 ; gain = 1754.742 ; free physical = 7363 ; free virtual = 10155
---------------------------------------------------------------------------------
---------------------------------------------------------------------------------
Start Renaming Generated Instances
---------------------------------------------------------------------------------
---------------------------------------------------------------------------------
Finished Renaming Generated Instances : Time (s): cpu = 00:00:16 ; elapsed = 00:00:14 . Memory (MB): peak = 3170.105 ; gain = 1754.742 ; free physical = 7369 ; free virtual = 10160
---------------------------------------------------------------------------------
---------------------------------------------------------------------------------
Start Rebuilding User Hierarchy
---------------------------------------------------------------------------------
---------------------------------------------------------------------------------
Finished Rebuilding User Hierarchy : Time (s): cpu = 00:00:17 ; elapsed = 00:00:15 . Memory (MB): peak = 3170.105 ; gain = 1754.742 ; free physical = 7369 ; free virtual = 10160
---------------------------------------------------------------------------------
---------------------------------------------------------------------------------
Start Renaming Generated Ports
---------------------------------------------------------------------------------
---------------------------------------------------------------------------------
Finished Renaming Generated Ports : Time (s): cpu = 00:00:17 ; elapsed = 00:00:15 . Memory (MB): peak = 3170.105 ; gain = 1754.742 ; free physical = 7369 ; free virtual = 10160
---------------------------------------------------------------------------------
---------------------------------------------------------------------------------
Start Handling Custom Attributes
---------------------------------------------------------------------------------
---------------------------------------------------------------------------------
Finished Handling Custom Attributes : Time (s): cpu = 00:00:20 ; elapsed = 00:00:18 . Memory (MB): peak = 3170.105 ; gain = 1754.742 ; free physical = 7390 ; free virtual = 10182
---------------------------------------------------------------------------------
---------------------------------------------------------------------------------
Start Renaming Generated Nets
---------------------------------------------------------------------------------
---------------------------------------------------------------------------------
Finished Renaming Generated Nets : Time (s): cpu = 00:00:20 ; elapsed = 00:00:18 . Memory (MB): peak = 3170.105 ; gain = 1754.742 ; free physical = 7390 ; free virtual = 10182
---------------------------------------------------------------------------------
---------------------------------------------------------------------------------
Start Writing Synthesis Report
---------------------------------------------------------------------------------

Report BlackBoxes: 
+-+--------------+----------+
| |BlackBox name |Instances |
+-+--------------+----------+
+-+--------------+----------+

Report Cell Usage: 
+------+-------+------+
|      |Cell   |Count |
+------+-------+------+
|1     |BUFG   |     1|
|2     |CARRY8 |  3066|
|3     |LUT1   |     1|
|4     |LUT3   |    32|
|5     |LUT4   | 65440|
|6     |LUT6   | 32672|
|7     |FDRE   | 26593|
|8     |FDSE   |  6144|
|9     |IBUF   |    35|
|10    |OBUF   |    32|
+------+-------+------+

Report Instance Areas: 
+------+---------+-------+-------+
|      |Instance |Module |Cells  |
+------+---------+-------+-------+
|1     |top      |       | 134016|
+------+---------+-------+-------+
---------------------------------------------------------------------------------
Finished Writing Synthesis Report : Time (s): cpu = 00:00:20 ; elapsed = 00:00:18 . Memory (MB): peak = 3170.105 ; gain = 1754.742 ; free physical = 7390 ; free virtual = 10182
---------------------------------------------------------------------------------
Synthesis finished with 0 errors, 0 critical warnings and 4 warnings.
Synthesis Optimization Runtime : Time (s): cpu = 00:00:20 ; elapsed = 00:00:18 . Memory (MB): peak = 3170.105 ; gain = 1754.742 ; free physical = 7390 ; free virtual = 10182
Synthesis Optimization Complete : Time (s): cpu = 00:00:20 ; elapsed = 00:00:18 . Memory (MB): peak = 3170.113 ; gain = 1754.742 ; free physical = 7390 ; free virtual = 10182
INFO: [Project 1-571] Translating synthesized netlist
Netlist sorting complete. Time (s): cpu = 00:00:00.37 ; elapsed = 00:00:00.37 . Memory (MB): peak = 3170.113 ; gain = 0.000 ; free physical = 7694 ; free virtual = 10486
INFO: [Netlist 29-17] Analyzing 3102 Unisim elements for replacement
INFO: [Netlist 29-28] Unisim Transformation completed in 0 CPU seconds
WARNING: [Netlist 29-101] Netlist 'register_tree' is not ideal for floorplanning, since the cellview 'register_tree' contains a large number of primitives.  Please consider enabling hierarchy in synthesis if you want to do floorplanning.
INFO: [Project 1-570] Preparing netlist for logic optimization
INFO: [Opt 31-138] Pushed 0 inverter(s) to 0 load pin(s).
Netlist sorting complete. Time (s): cpu = 00:00:00 ; elapsed = 00:00:00.01 . Memory (MB): peak = 3348.250 ; gain = 0.000 ; free physical = 7590 ; free virtual = 10382
INFO: [Project 1-111] Unisim Transformation Summary:
  A total of 36 instances were transformed.
  BUFG => BUFGCE: 1 instance 
  IBUF => IBUF (IBUFCTRL, INBUF): 35 instances

Synth Design complete | Checksum: 363b9f41
INFO: [Common 17-83] Releasing license: Synthesis
19 Infos, 5 Warnings, 0 Critical Warnings and 0 Errors encountered.
synth_design completed successfully
synth_design: Time (s): cpu = 00:00:29 ; elapsed = 00:00:26 . Memory (MB): peak = 3348.250 ; gain = 1932.887 ; free physical = 7569 ; free virtual = 10361
INFO: [Common 17-2834] synth_design peak Physical Memory [PSS] (MB): overall = 2777.530; main = 2582.987; forked = 417.951
INFO: [Common 17-2834] synth_design peak Virtual Memory [VSS] (MB): overall = 4138.797; main = 3348.254; forked = 1026.070
Write ShapeDB Complete: Time (s): cpu = 00:00:00.14 ; elapsed = 00:00:00.05 . Memory (MB): peak = 3372.262 ; gain = 0.000 ; free physical = 7578 ; free virtual = 10376
INFO: [Common 17-1381] The checkpoint '/home/charlie/Workspace/pq_research/hwpq_qw2246/register_tree/vivado_register_tree_tcl/vivado_register_tree_tcl.runs/synth_1/register_tree.dcp' has been generated.
INFO: [Vivado 12-24828] Executing command : report_utilization -file register_tree_utilization_synth.rpt -pb register_tree_utilization_synth.pb
INFO: [Common 17-206] Exiting Vivado at Thu Sep 26 05:26:47 2024...
