Vivado Simulator v2024.1
Copyright 1986-2022 Xilinx, Inc. All Rights Reserved.
Copyright 2022-2024 Advanced Micro Devices, Inc. All Rights Reserved.
Running: /opt/Xilinx/Vivado/2024.1/bin/unwrapped/lnx64.o/xelab --incr --debug typical --relax --mt 8 -L xil_defaultlib -L uvm -L unisims_ver -L unimacro_ver -L secureip --snapshot systolic_array_tb_behav xil_defaultlib.systolic_array_tb xil_defaultlib.glbl -log elaborate.log 
Using 8 slave threads.
Starting static elaboration
Pass Through NonSizing Optimizer
WARNING: [VRFC 10-10007] variable 'b[0]' might have multiple concurrent drivers [/home/charlie/Workspace/pq_research/hwpq_qw2246/systolic_array/systolic_array.sv:49]
WARNING: [VRFC 10-9941] found another concurrent driver of 'b[0]' here [/home/charlie/Workspace/pq_research/hwpq_qw2246/systolic_array/systolic_array.sv:31]
WARNING: [VRFC 10-9941] found another concurrent driver of 'b[1]' here [/home/charlie/Workspace/pq_research/hwpq_qw2246/systolic_array/systolic_array.sv:49]
Completed static elaboration
Starting simulation data flow analysis
Completed simulation data flow analysis
Time Resolution for simulation is 1ps
Compiling module xil_defaultlib.systolic_array_proc0_default
Compiling module xil_defaultlib.systolic_array_sort3
Compiling module xil_defaultlib.systolic_array_proc_default
Compiling module xil_defaultlib.systolic_array(QUEUE_SIZE=4)
Compiling module xil_defaultlib.systolic_array_tb
Compiling module xil_defaultlib.glbl
Built simulation snapshot systolic_array_tb_behav
